

<!DOCTYPE html>
<html>
<head>
<meta charset="UTF-8">
<meta name="viewport" content="width=device-width, initial-scale=1, shrink-to-fit=no">
<title>Spark Extent Report</title>
<link rel="apple-touch-icon" href="https://cdn.jsdelivr.net/gh/extent-framework/extent-github-cdn@b00a2d0486596e73dd7326beacf352c639623a0e/commons/img/logo.png">
<link rel="shortcut icon" href="https://cdn.jsdelivr.net/gh/extent-framework/extent-github-cdn@b00a2d0486596e73dd7326beacf352c639623a0e/commons/img/logo.png">
<link href="https://cdn.jsdelivr.net/gh/extent-framework/extent-github-cdn@d6562a79075e061305ccfdb82f01e5e195e2d307/spark/css/spark-style.css" rel="stylesheet" />
<link href="https://stackpath.bootstrapcdn.com/font-awesome/4.7.0/css/font-awesome.min.css" rel="stylesheet">
<script src="https://cdn.jsdelivr.net/gh/extent-framework/extent-github-cdn@7cc78ce/spark/js/jsontree.js"></script>
<style type="text/css"></style></head><body class="spa bdd-report dark">
  <div class="app">
    <div class="layout">
<div class="header navbar">
<div class="vheader">
<div class="nav-logo">
<a href="#">
<div class="logo" style="background-image: url('https://cdn.jsdelivr.net/gh/extent-framework/extent-github-cdn@b00a2d0486596e73dd7326beacf352c639623a0e/commons/img/logo.png')"></div>
</a>
</div>
<ul class="nav-left">
<li class="search-box">
<a class="search-toggle" href="#">
<i class="search-icon fa fa-search"></i>
<i class="search-icon-close fa fa-close"></i>
</a>
</li>
<li class="search-input"><input id="search-tests" class="form-control" type="text" placeholder="Search..."></li>
</ul>
<ul class="nav-right">
<li class="m-r-10">
<a href="#"><span class="badge badge-primary">Cucumber Extent Report</span></a>
</li>
<li class="m-r-10">
<a href="#"><span class="badge badge-primary">Apr 11, 2023 04:23:38 PM</span></a>
</li>
</ul>
</div>
</div><div class="side-nav">
<div class="side-nav-inner">
<ul class="side-nav-menu">
<li class="nav-item dropdown" onclick="toggleView('test-view')">
<a id="nav-test" class="dropdown-toggle" href="#">
<span class="ico"><i class="fa fa-list"></i></span>
</a>
</li>
<li class="nav-item dropdown" onclick="toggleView('exception-view')">
<a id="nav-exception" class="dropdown-toggle" href="#">
<span class="ico"><i class="fa fa-bug"></i></span>
</a>
</li>
<li class="nav-item dropdown" onclick="toggleView('category-view')">
<a id="nav-category" class="dropdown-toggle" href="#">
<span class="ico"><i class="fa fa-tag"></i></span>
</a>
</li>
<li class="nav-item dropdown" onclick="toggleView('dashboard-view')">
<a id="nav-dashboard" class="dropdown-toggle" href="#">
<span class="ico"><i class="fa fa-bar-chart"></i></span>
</a>
</li>
</ul>
</div>
</div>      <div class="vcontainer">
        <div class="main-content">
<div class="test-wrapper row view test-view">
  <div class="test-list">
    <div class="test-list-tools">
<ul class="tools pull-left">
<li><a href="#"><span class="font-size-14">Tests</span></a></li>
</ul>
<ul class="tools text-right">
<li class="dropdown">
<a href="#" class="dropdown-toggle" data-toggle="dropdown"><i class="fa fa-exclamation-circle"></i></a>
<ul id="status-toggle" class="dropdown-menu dropdown-md p-v-0">
<a class="dropdown-item" status="fail" href="#"><span>Fail</span><span class="status danger"></span></a>
<div class="dropdown-divider"></div>
<a status="clear" class="dropdown-item" href="#"><span>Clear</span><span class="pull-right"><i class="fa fa-close"></i></span></a>
</ul>
</li>
<li class="dropdown">
<a href="#" class="dropdown-toggle" data-toggle="dropdown"><i class="fa fa-tag"></i></a>
<ul id="tag-toggle" class="dropdown-menu dropdown-md p-v-0">
<a class="dropdown-item" href="#">@test003</a><a class="dropdown-item" href="#">@uid368893081</a><a class="dropdown-item" href="#">@uida323845565</a><a class="dropdown-item" href="#">@test002</a><a class="dropdown-item" href="#">@Test2</a><a class="dropdown-item" href="#">@set21</a><a class="dropdown-item" href="#">@Home_page</a><a class="dropdown-item" href="#">@Test</a><a class="dropdown-item" href="#">@uid1291529172</a><a class="dropdown-item" href="#">@test001</a><a class="dropdown-item" href="#">@Test3</a>
</ul>
</li>
</ul>
</div>    <div class="test-list-wrapper scrollable">
      <ul class="test-list-item">
        <li class="test-item"  status="fail" test-id="1"
          author=""
          tag=""
          device="">
          <div class="test-detail">
            <p class="name">Manyavar_Web Automation_SRS_TestCases_202304111620051</p>
            <p class="text-sm">
              <span>4:23:40 PM</span> / <span>00:00:49:935</span>
              <span class="badge fail-bg log float-right">Fail</span>
            </p>
          </div>
          <div class="test-contents d-none">
<div class="detail-head">
<div class="p-v-10">
<div class="info">
<h5 class="test-status text-fail">Manyavar_Web Automation_SRS_TestCases_202304111620051</h5>
<span class='badge badge-success'>04.11.2023 4:23:40 PM</span>
<span class='badge badge-danger'>04.11.2023 4:24:30 PM</span>
<span class='badge badge-default'>00:00:49:935</span>
&middot; <span class='uri-anchor badge badge-default'>#test-id=1</span>
<span class='badge badge-default pointer float-right ml-1 et'><i class="fa fa-chevron-down"></i></span>
<span class='badge badge-default pointer float-right ct'><i class="fa fa-chevron-up"></i></span>
</div>
<div class="m-t-10 m-l-5"></div>
</div>
</div>
<div class="accordion mt-4">
  <div class="card">
    <div class="card-header" role="tab">
      <div class="card-title">
        <div class="node" id="2"><span class="badge log fail-bg mr-2">Fail</span>Search for different products and verify that the products are displayed.</div>
      </div>
    </div>
        <div class="scenario_outline ">
            <div class="card-body l1">
              <div class="card-header">
                <div class="card-title outline-child">
                  <div class="node" id="3"><span class="badge log fail-bg mr-2">Fail</span>Search for different products and verify that the products are displayed.</div>
                </div>
              </div>
              <div class="card-body mt-3 ">
                  <div class="step pass-bg">
                    <span>common.Hooks.init(io.cucumber.java.Scenario)</span>
      <div>[@Test, @uida323845565, @set21, @test001, @Home_page]
      </div>
      <div>Start Time : 2023-04-11 16:23:41.369
      </div>
      <div>
      </div>
                  </div>
                  <div class="step fail-bg">
                    <span>Given I have access to application</span>
      <div>
        <textarea disabled class="code-block">org.openqa.selenium.SessionNotCreatedException: Could not start a new session. Response code 500. Message: session not created: This version of ChromeDriver only supports Chrome version 112
Current browser version is 111.0.5563.65 with binary path C:\Program Files (x86)\Google\Chrome\Application\chrome.exe
Build info: version: '4.2.2', revision: '683ccb65d6'
System info: host: 'DESKTOP-111OUHK', ip: '192.168.1.192', os.name: 'Windows 10', os.arch: 'amd64', os.version: '10.0', java.version: '1.8.0_181'
Driver info: org.openqa.selenium.chrome.ChromeDriver
Command: [null, newSession {capabilities=[Capabilities {browserName: chrome, goog:chromeOptions: {args: [--ignore-ssl-errors=yes, --ignore-certificate-errors, use-fake-ui-for-media-stream, use-fake-device-for-media-s..., --remote-allow-origins=*], extensions: [], prefs: {profile.default_content_setting_values.notifications: 2}}}], desiredCapabilities=Capabilities {browserName: chrome, goog:chromeOptions: {args: [--ignore-ssl-errors=yes, --ignore-certificate-errors, use-fake-ui-for-media-stream, use-fake-device-for-media-s..., --remote-allow-origins=*], extensions: [], prefs: {profile.default_content_setting_values.notifications: 2}}}}]
	at org.openqa.selenium.remote.ProtocolHandshake.createSession(ProtocolHandshake.java:144)
	at org.openqa.selenium.remote.ProtocolHandshake.createSession(ProtocolHandshake.java:102)
	at org.openqa.selenium.remote.ProtocolHandshake.createSession(ProtocolHandshake.java:67)
	at org.openqa.selenium.remote.HttpCommandExecutor.execute(HttpCommandExecutor.java:156)
	at org.openqa.selenium.remote.service.DriverCommandExecutor.invokeExecute(DriverCommandExecutor.java:167)
	at org.openqa.selenium.remote.service.DriverCommandExecutor.execute(DriverCommandExecutor.java:142)
	at org.openqa.selenium.remote.RemoteWebDriver.execute(RemoteWebDriver.java:588)
	at org.openqa.selenium.remote.RemoteWebDriver.startSession(RemoteWebDriver.java:283)
	at org.openqa.selenium.remote.RemoteWebDriver.<init>(RemoteWebDriver.java:184)
	at org.openqa.selenium.chromium.ChromiumDriver.<init>(ChromiumDriver.java:106)
	at org.openqa.selenium.chrome.ChromeDriver.<init>(ChromeDriver.java:106)
	at org.openqa.selenium.chrome.ChromeDriver.<init>(ChromeDriver.java:93)
	at org.openqa.selenium.chrome.ChromeDriver.<init>(ChromeDriver.java:82)
	at common.WebBrowser.getBrowser(WebBrowser.java:227)
	at common.WebBrowser.LaunchApplication(WebBrowser.java:459)
	at workflows.SeleniumWorkFlow.accessToPage(SeleniumWorkFlow.java:78)
	at stepdefinitions.NAStepDefinition.GivenIHaveAccessToApplication(NAStepDefinition.java:14)
	at ?.I have access to application(file:///C:/Users/Dell/Documents/manyavar%20testcases/AlgoAFScript_1681210258640/src/test/java/features/Manyavar_Web%20Automation_SRS_TestCases_202304111620051.feature:16)
</textarea>
      
      </div>
                  </div>
                  <div class="step skip-bg">
                    <span>When I entered Brand name in login page as 'Manyavar'</span>
      <div>Step skipped
      </div>
                  </div>
                  <div class="step skip-bg">
                    <span>And I clicked Search in login page</span>
      <div>Step skipped
      </div>
                  </div>
                  <div class="step skip-bg">
                    <span>And I entered Product names in home screen as 'Casualshoes'</span>
      <div>Step skipped
      </div>
                  </div>
                  <div class="step skip-bg">
                    <span>And I clicked Seach icon in home screen</span>
      <div>Step skipped
      </div>
                  </div>
                  <div class="step skip-bg">
                    <span>Then verify displayed Product page in home screen</span>
      <div>Step skipped
      </div>
                  </div>
                  <div class="step skip-bg">
                    <span>And 'Current Screen' is displayed with 'NA'</span>
      <div>Step skipped
      </div>
                  </div>
                  <div class="step fail-bg">
                    <span>common.Hooks.afterScenario(io.cucumber.java.Scenario)</span>
      <div>End Time: 2023-04-11 16:23:49.115
      </div>
      <div>
        <textarea disabled class="code-block">org.openqa.selenium.SessionNotCreatedException: Could not start a new session. Response code 500. Message: session not created: This version of ChromeDriver only supports Chrome version 112
Current browser version is 111.0.5563.65 with binary path C:\Program Files (x86)\Google\Chrome\Application\chrome.exe
Build info: version: '4.2.2', revision: '683ccb65d6'
System info: host: 'DESKTOP-111OUHK', ip: '192.168.1.192', os.name: 'Windows 10', os.arch: 'amd64', os.version: '10.0', java.version: '1.8.0_181'
Driver info: org.openqa.selenium.chrome.ChromeDriver
Command: [null, newSession {capabilities=[Capabilities {browserName: chrome, goog:chromeOptions: {args: [--ignore-ssl-errors=yes, --ignore-certificate-errors, use-fake-ui-for-media-stream, use-fake-device-for-media-s..., --remote-allow-origins=*], extensions: [], prefs: {profile.default_content_setting_values.notifications: 2}}}], desiredCapabilities=Capabilities {browserName: chrome, goog:chromeOptions: {args: [--ignore-ssl-errors=yes, --ignore-certificate-errors, use-fake-ui-for-media-stream, use-fake-device-for-media-s..., --remote-allow-origins=*], extensions: [], prefs: {profile.default_content_setting_values.notifications: 2}}}}]
	at org.openqa.selenium.remote.ProtocolHandshake.createSession(ProtocolHandshake.java:144)
	at org.openqa.selenium.remote.ProtocolHandshake.createSession(ProtocolHandshake.java:102)
	at org.openqa.selenium.remote.ProtocolHandshake.createSession(ProtocolHandshake.java:67)
	at org.openqa.selenium.remote.HttpCommandExecutor.execute(HttpCommandExecutor.java:156)
	at org.openqa.selenium.remote.service.DriverCommandExecutor.invokeExecute(DriverCommandExecutor.java:167)
	at org.openqa.selenium.remote.service.DriverCommandExecutor.execute(DriverCommandExecutor.java:142)
	at org.openqa.selenium.remote.RemoteWebDriver.execute(RemoteWebDriver.java:588)
	at org.openqa.selenium.remote.RemoteWebDriver.startSession(RemoteWebDriver.java:283)
	at org.openqa.selenium.remote.RemoteWebDriver.<init>(RemoteWebDriver.java:184)
	at org.openqa.selenium.chromium.ChromiumDriver.<init>(ChromiumDriver.java:106)
	at org.openqa.selenium.chrome.ChromeDriver.<init>(ChromeDriver.java:106)
	at org.openqa.selenium.chrome.ChromeDriver.<init>(ChromeDriver.java:93)
	at org.openqa.selenium.chrome.ChromeDriver.<init>(ChromeDriver.java:82)
	at common.WebBrowser.getBrowser(WebBrowser.java:227)
	at common.WebBrowser.getBrowser(WebBrowser.java:431)
	at common.Hooks.afterScenario(Hooks.java:212)
</textarea>
      
      </div>
                  </div>
              </div>
            </div>
            <div class="card-body l1">
              <div class="card-header">
                <div class="card-title outline-child">
                  <div class="node" id="28"><span class="badge log fail-bg mr-2">Fail</span>Search for different products and verify that the products are displayed.</div>
                </div>
              </div>
              <div class="card-body mt-3 ">
                  <div class="step pass-bg">
                    <span>common.Hooks.init(io.cucumber.java.Scenario)</span>
      <div>[@Test, @uida323845565, @set21, @test001, @Home_page]
      </div>
      <div>Start Time : 2023-04-11 16:23:52.124
      </div>
      <div>
      </div>
                  </div>
                  <div class="step fail-bg">
                    <span>Given I have access to application</span>
      <div>
        <textarea disabled class="code-block">org.openqa.selenium.SessionNotCreatedException: Could not start a new session. Response code 500. Message: session not created: This version of ChromeDriver only supports Chrome version 112
Current browser version is 111.0.5563.65 with binary path C:\Program Files (x86)\Google\Chrome\Application\chrome.exe
Build info: version: '4.2.2', revision: '683ccb65d6'
System info: host: 'DESKTOP-111OUHK', ip: '192.168.1.192', os.name: 'Windows 10', os.arch: 'amd64', os.version: '10.0', java.version: '1.8.0_181'
Driver info: org.openqa.selenium.chrome.ChromeDriver
Command: [null, newSession {capabilities=[Capabilities {browserName: chrome, goog:chromeOptions: {args: [--ignore-ssl-errors=yes, --ignore-certificate-errors, use-fake-ui-for-media-stream, use-fake-device-for-media-s..., --remote-allow-origins=*], extensions: [], prefs: {profile.default_content_setting_values.notifications: 2}}}], desiredCapabilities=Capabilities {browserName: chrome, goog:chromeOptions: {args: [--ignore-ssl-errors=yes, --ignore-certificate-errors, use-fake-ui-for-media-stream, use-fake-device-for-media-s..., --remote-allow-origins=*], extensions: [], prefs: {profile.default_content_setting_values.notifications: 2}}}}]
	at org.openqa.selenium.remote.ProtocolHandshake.createSession(ProtocolHandshake.java:144)
	at org.openqa.selenium.remote.ProtocolHandshake.createSession(ProtocolHandshake.java:102)
	at org.openqa.selenium.remote.ProtocolHandshake.createSession(ProtocolHandshake.java:67)
	at org.openqa.selenium.remote.HttpCommandExecutor.execute(HttpCommandExecutor.java:156)
	at org.openqa.selenium.remote.service.DriverCommandExecutor.invokeExecute(DriverCommandExecutor.java:167)
	at org.openqa.selenium.remote.service.DriverCommandExecutor.execute(DriverCommandExecutor.java:142)
	at org.openqa.selenium.remote.RemoteWebDriver.execute(RemoteWebDriver.java:588)
	at org.openqa.selenium.remote.RemoteWebDriver.startSession(RemoteWebDriver.java:283)
	at org.openqa.selenium.remote.RemoteWebDriver.<init>(RemoteWebDriver.java:184)
	at org.openqa.selenium.chromium.ChromiumDriver.<init>(ChromiumDriver.java:106)
	at org.openqa.selenium.chrome.ChromeDriver.<init>(ChromeDriver.java:106)
	at org.openqa.selenium.chrome.ChromeDriver.<init>(ChromeDriver.java:93)
	at org.openqa.selenium.chrome.ChromeDriver.<init>(ChromeDriver.java:82)
	at common.WebBrowser.getBrowser(WebBrowser.java:227)
	at common.WebBrowser.LaunchApplication(WebBrowser.java:459)
	at workflows.SeleniumWorkFlow.accessToPage(SeleniumWorkFlow.java:78)
	at stepdefinitions.NAStepDefinition.GivenIHaveAccessToApplication(NAStepDefinition.java:14)
	at ?.I have access to application(file:///C:/Users/Dell/Documents/manyavar%20testcases/AlgoAFScript_1681210258640/src/test/java/features/Manyavar_Web%20Automation_SRS_TestCases_202304111620051.feature:16)
</textarea>
      
      </div>
                  </div>
                  <div class="step skip-bg">
                    <span>When I entered Brand name in login page as 'Manyavar'</span>
      <div>Step skipped
      </div>
                  </div>
                  <div class="step skip-bg">
                    <span>And I clicked Search in login page</span>
      <div>Step skipped
      </div>
                  </div>
                  <div class="step skip-bg">
                    <span>And I entered Product names in home screen as 'Jackets'</span>
      <div>Step skipped
      </div>
                  </div>
                  <div class="step skip-bg">
                    <span>And I clicked Seach icon in home screen</span>
      <div>Step skipped
      </div>
                  </div>
                  <div class="step skip-bg">
                    <span>Then verify displayed Product page in home screen</span>
      <div>Step skipped
      </div>
                  </div>
                  <div class="step skip-bg">
                    <span>And 'Current Screen' is displayed with 'NA'</span>
      <div>Step skipped
      </div>
                  </div>
                  <div class="step fail-bg">
                    <span>common.Hooks.afterScenario(io.cucumber.java.Scenario)</span>
      <div>End Time: 2023-04-11 16:23:55.09
      </div>
      <div>
        <textarea disabled class="code-block">org.openqa.selenium.SessionNotCreatedException: Could not start a new session. Response code 500. Message: session not created: This version of ChromeDriver only supports Chrome version 112
Current browser version is 111.0.5563.65 with binary path C:\Program Files (x86)\Google\Chrome\Application\chrome.exe
Build info: version: '4.2.2', revision: '683ccb65d6'
System info: host: 'DESKTOP-111OUHK', ip: '192.168.1.192', os.name: 'Windows 10', os.arch: 'amd64', os.version: '10.0', java.version: '1.8.0_181'
Driver info: org.openqa.selenium.chrome.ChromeDriver
Command: [null, newSession {capabilities=[Capabilities {browserName: chrome, goog:chromeOptions: {args: [--ignore-ssl-errors=yes, --ignore-certificate-errors, use-fake-ui-for-media-stream, use-fake-device-for-media-s..., --remote-allow-origins=*], extensions: [], prefs: {profile.default_content_setting_values.notifications: 2}}}], desiredCapabilities=Capabilities {browserName: chrome, goog:chromeOptions: {args: [--ignore-ssl-errors=yes, --ignore-certificate-errors, use-fake-ui-for-media-stream, use-fake-device-for-media-s..., --remote-allow-origins=*], extensions: [], prefs: {profile.default_content_setting_values.notifications: 2}}}}]
	at org.openqa.selenium.remote.ProtocolHandshake.createSession(ProtocolHandshake.java:144)
	at org.openqa.selenium.remote.ProtocolHandshake.createSession(ProtocolHandshake.java:102)
	at org.openqa.selenium.remote.ProtocolHandshake.createSession(ProtocolHandshake.java:67)
	at org.openqa.selenium.remote.HttpCommandExecutor.execute(HttpCommandExecutor.java:156)
	at org.openqa.selenium.remote.service.DriverCommandExecutor.invokeExecute(DriverCommandExecutor.java:167)
	at org.openqa.selenium.remote.service.DriverCommandExecutor.execute(DriverCommandExecutor.java:142)
	at org.openqa.selenium.remote.RemoteWebDriver.execute(RemoteWebDriver.java:588)
	at org.openqa.selenium.remote.RemoteWebDriver.startSession(RemoteWebDriver.java:283)
	at org.openqa.selenium.remote.RemoteWebDriver.<init>(RemoteWebDriver.java:184)
	at org.openqa.selenium.chromium.ChromiumDriver.<init>(ChromiumDriver.java:106)
	at org.openqa.selenium.chrome.ChromeDriver.<init>(ChromeDriver.java:106)
	at org.openqa.selenium.chrome.ChromeDriver.<init>(ChromeDriver.java:93)
	at org.openqa.selenium.chrome.ChromeDriver.<init>(ChromeDriver.java:82)
	at common.WebBrowser.getBrowser(WebBrowser.java:227)
	at common.WebBrowser.getBrowser(WebBrowser.java:431)
	at common.Hooks.afterScenario(Hooks.java:212)
</textarea>
      
      </div>
                  </div>
              </div>
            </div>
            <div class="card-body l1">
              <div class="card-header">
                <div class="card-title outline-child">
                  <div class="node" id="53"><span class="badge log fail-bg mr-2">Fail</span>Search for different products and verify that the products are displayed.</div>
                </div>
              </div>
              <div class="card-body mt-3 ">
                  <div class="step pass-bg">
                    <span>common.Hooks.init(io.cucumber.java.Scenario)</span>
      <div>[@Test, @uida323845565, @set21, @test001, @Home_page]
      </div>
      <div>Start Time : 2023-04-11 16:23:57.981
      </div>
      <div>
      </div>
                  </div>
                  <div class="step fail-bg">
                    <span>Given I have access to application</span>
      <div>
        <textarea disabled class="code-block">org.openqa.selenium.SessionNotCreatedException: Could not start a new session. Response code 500. Message: session not created: This version of ChromeDriver only supports Chrome version 112
Current browser version is 111.0.5563.65 with binary path C:\Program Files (x86)\Google\Chrome\Application\chrome.exe
Build info: version: '4.2.2', revision: '683ccb65d6'
System info: host: 'DESKTOP-111OUHK', ip: '192.168.1.192', os.name: 'Windows 10', os.arch: 'amd64', os.version: '10.0', java.version: '1.8.0_181'
Driver info: org.openqa.selenium.chrome.ChromeDriver
Command: [null, newSession {capabilities=[Capabilities {browserName: chrome, goog:chromeOptions: {args: [--ignore-ssl-errors=yes, --ignore-certificate-errors, use-fake-ui-for-media-stream, use-fake-device-for-media-s..., --remote-allow-origins=*], extensions: [], prefs: {profile.default_content_setting_values.notifications: 2}}}], desiredCapabilities=Capabilities {browserName: chrome, goog:chromeOptions: {args: [--ignore-ssl-errors=yes, --ignore-certificate-errors, use-fake-ui-for-media-stream, use-fake-device-for-media-s..., --remote-allow-origins=*], extensions: [], prefs: {profile.default_content_setting_values.notifications: 2}}}}]
	at org.openqa.selenium.remote.ProtocolHandshake.createSession(ProtocolHandshake.java:144)
	at org.openqa.selenium.remote.ProtocolHandshake.createSession(ProtocolHandshake.java:102)
	at org.openqa.selenium.remote.ProtocolHandshake.createSession(ProtocolHandshake.java:67)
	at org.openqa.selenium.remote.HttpCommandExecutor.execute(HttpCommandExecutor.java:156)
	at org.openqa.selenium.remote.service.DriverCommandExecutor.invokeExecute(DriverCommandExecutor.java:167)
	at org.openqa.selenium.remote.service.DriverCommandExecutor.execute(DriverCommandExecutor.java:142)
	at org.openqa.selenium.remote.RemoteWebDriver.execute(RemoteWebDriver.java:588)
	at org.openqa.selenium.remote.RemoteWebDriver.startSession(RemoteWebDriver.java:283)
	at org.openqa.selenium.remote.RemoteWebDriver.<init>(RemoteWebDriver.java:184)
	at org.openqa.selenium.chromium.ChromiumDriver.<init>(ChromiumDriver.java:106)
	at org.openqa.selenium.chrome.ChromeDriver.<init>(ChromeDriver.java:106)
	at org.openqa.selenium.chrome.ChromeDriver.<init>(ChromeDriver.java:93)
	at org.openqa.selenium.chrome.ChromeDriver.<init>(ChromeDriver.java:82)
	at common.WebBrowser.getBrowser(WebBrowser.java:227)
	at common.WebBrowser.LaunchApplication(WebBrowser.java:459)
	at workflows.SeleniumWorkFlow.accessToPage(SeleniumWorkFlow.java:78)
	at stepdefinitions.NAStepDefinition.GivenIHaveAccessToApplication(NAStepDefinition.java:14)
	at ?.I have access to application(file:///C:/Users/Dell/Documents/manyavar%20testcases/AlgoAFScript_1681210258640/src/test/java/features/Manyavar_Web%20Automation_SRS_TestCases_202304111620051.feature:16)
</textarea>
      
      </div>
                  </div>
                  <div class="step skip-bg">
                    <span>When I entered Brand name in login page as 'Manyavar'</span>
      <div>Step skipped
      </div>
                  </div>
                  <div class="step skip-bg">
                    <span>And I clicked Search in login page</span>
      <div>Step skipped
      </div>
                  </div>
                  <div class="step skip-bg">
                    <span>And I entered Product names in home screen as 'Sweaters'</span>
      <div>Step skipped
      </div>
                  </div>
                  <div class="step skip-bg">
                    <span>And I clicked Seach icon in home screen</span>
      <div>Step skipped
      </div>
                  </div>
                  <div class="step skip-bg">
                    <span>Then verify displayed Product page in home screen</span>
      <div>Step skipped
      </div>
                  </div>
                  <div class="step skip-bg">
                    <span>And 'Current Screen' is displayed with 'NA'</span>
      <div>Step skipped
      </div>
                  </div>
                  <div class="step fail-bg">
                    <span>common.Hooks.afterScenario(io.cucumber.java.Scenario)</span>
      <div>End Time: 2023-04-11 16:24:00.927
      </div>
      <div>
        <textarea disabled class="code-block">org.openqa.selenium.SessionNotCreatedException: Could not start a new session. Response code 500. Message: session not created: This version of ChromeDriver only supports Chrome version 112
Current browser version is 111.0.5563.65 with binary path C:\Program Files (x86)\Google\Chrome\Application\chrome.exe
Build info: version: '4.2.2', revision: '683ccb65d6'
System info: host: 'DESKTOP-111OUHK', ip: '192.168.1.192', os.name: 'Windows 10', os.arch: 'amd64', os.version: '10.0', java.version: '1.8.0_181'
Driver info: org.openqa.selenium.chrome.ChromeDriver
Command: [null, newSession {capabilities=[Capabilities {browserName: chrome, goog:chromeOptions: {args: [--ignore-ssl-errors=yes, --ignore-certificate-errors, use-fake-ui-for-media-stream, use-fake-device-for-media-s..., --remote-allow-origins=*], extensions: [], prefs: {profile.default_content_setting_values.notifications: 2}}}], desiredCapabilities=Capabilities {browserName: chrome, goog:chromeOptions: {args: [--ignore-ssl-errors=yes, --ignore-certificate-errors, use-fake-ui-for-media-stream, use-fake-device-for-media-s..., --remote-allow-origins=*], extensions: [], prefs: {profile.default_content_setting_values.notifications: 2}}}}]
	at org.openqa.selenium.remote.ProtocolHandshake.createSession(ProtocolHandshake.java:144)
	at org.openqa.selenium.remote.ProtocolHandshake.createSession(ProtocolHandshake.java:102)
	at org.openqa.selenium.remote.ProtocolHandshake.createSession(ProtocolHandshake.java:67)
	at org.openqa.selenium.remote.HttpCommandExecutor.execute(HttpCommandExecutor.java:156)
	at org.openqa.selenium.remote.service.DriverCommandExecutor.invokeExecute(DriverCommandExecutor.java:167)
	at org.openqa.selenium.remote.service.DriverCommandExecutor.execute(DriverCommandExecutor.java:142)
	at org.openqa.selenium.remote.RemoteWebDriver.execute(RemoteWebDriver.java:588)
	at org.openqa.selenium.remote.RemoteWebDriver.startSession(RemoteWebDriver.java:283)
	at org.openqa.selenium.remote.RemoteWebDriver.<init>(RemoteWebDriver.java:184)
	at org.openqa.selenium.chromium.ChromiumDriver.<init>(ChromiumDriver.java:106)
	at org.openqa.selenium.chrome.ChromeDriver.<init>(ChromeDriver.java:106)
	at org.openqa.selenium.chrome.ChromeDriver.<init>(ChromeDriver.java:93)
	at org.openqa.selenium.chrome.ChromeDriver.<init>(ChromeDriver.java:82)
	at common.WebBrowser.getBrowser(WebBrowser.java:227)
	at common.WebBrowser.getBrowser(WebBrowser.java:431)
	at common.Hooks.afterScenario(Hooks.java:212)
</textarea>
      
      </div>
                  </div>
              </div>
            </div>
            <div class="card-body l1">
              <div class="card-header">
                <div class="card-title outline-child">
                  <div class="node" id="78"><span class="badge log fail-bg mr-2">Fail</span>Search for different products and verify that the products are displayed.</div>
                </div>
              </div>
              <div class="card-body mt-3 ">
                  <div class="step pass-bg">
                    <span>common.Hooks.init(io.cucumber.java.Scenario)</span>
      <div>[@Test, @uida323845565, @set21, @test001, @Home_page]
      </div>
      <div>Start Time : 2023-04-11 16:24:04.229
      </div>
      <div>
      </div>
                  </div>
                  <div class="step fail-bg">
                    <span>Given I have access to application</span>
      <div>
        <textarea disabled class="code-block">org.openqa.selenium.SessionNotCreatedException: Could not start a new session. Response code 500. Message: session not created: This version of ChromeDriver only supports Chrome version 112
Current browser version is 111.0.5563.65 with binary path C:\Program Files (x86)\Google\Chrome\Application\chrome.exe
Build info: version: '4.2.2', revision: '683ccb65d6'
System info: host: 'DESKTOP-111OUHK', ip: '192.168.1.192', os.name: 'Windows 10', os.arch: 'amd64', os.version: '10.0', java.version: '1.8.0_181'
Driver info: org.openqa.selenium.chrome.ChromeDriver
Command: [null, newSession {capabilities=[Capabilities {browserName: chrome, goog:chromeOptions: {args: [--ignore-ssl-errors=yes, --ignore-certificate-errors, use-fake-ui-for-media-stream, use-fake-device-for-media-s..., --remote-allow-origins=*], extensions: [], prefs: {profile.default_content_setting_values.notifications: 2}}}], desiredCapabilities=Capabilities {browserName: chrome, goog:chromeOptions: {args: [--ignore-ssl-errors=yes, --ignore-certificate-errors, use-fake-ui-for-media-stream, use-fake-device-for-media-s..., --remote-allow-origins=*], extensions: [], prefs: {profile.default_content_setting_values.notifications: 2}}}}]
	at org.openqa.selenium.remote.ProtocolHandshake.createSession(ProtocolHandshake.java:144)
	at org.openqa.selenium.remote.ProtocolHandshake.createSession(ProtocolHandshake.java:102)
	at org.openqa.selenium.remote.ProtocolHandshake.createSession(ProtocolHandshake.java:67)
	at org.openqa.selenium.remote.HttpCommandExecutor.execute(HttpCommandExecutor.java:156)
	at org.openqa.selenium.remote.service.DriverCommandExecutor.invokeExecute(DriverCommandExecutor.java:167)
	at org.openqa.selenium.remote.service.DriverCommandExecutor.execute(DriverCommandExecutor.java:142)
	at org.openqa.selenium.remote.RemoteWebDriver.execute(RemoteWebDriver.java:588)
	at org.openqa.selenium.remote.RemoteWebDriver.startSession(RemoteWebDriver.java:283)
	at org.openqa.selenium.remote.RemoteWebDriver.<init>(RemoteWebDriver.java:184)
	at org.openqa.selenium.chromium.ChromiumDriver.<init>(ChromiumDriver.java:106)
	at org.openqa.selenium.chrome.ChromeDriver.<init>(ChromeDriver.java:106)
	at org.openqa.selenium.chrome.ChromeDriver.<init>(ChromeDriver.java:93)
	at org.openqa.selenium.chrome.ChromeDriver.<init>(ChromeDriver.java:82)
	at common.WebBrowser.getBrowser(WebBrowser.java:227)
	at common.WebBrowser.LaunchApplication(WebBrowser.java:459)
	at workflows.SeleniumWorkFlow.accessToPage(SeleniumWorkFlow.java:78)
	at stepdefinitions.NAStepDefinition.GivenIHaveAccessToApplication(NAStepDefinition.java:14)
	at ?.I have access to application(file:///C:/Users/Dell/Documents/manyavar%20testcases/AlgoAFScript_1681210258640/src/test/java/features/Manyavar_Web%20Automation_SRS_TestCases_202304111620051.feature:16)
</textarea>
      
      </div>
                  </div>
                  <div class="step skip-bg">
                    <span>When I entered Brand name in login page as 'Manyavar'</span>
      <div>Step skipped
      </div>
                  </div>
                  <div class="step skip-bg">
                    <span>And I clicked Search in login page</span>
      <div>Step skipped
      </div>
                  </div>
                  <div class="step skip-bg">
                    <span>And I entered Product names in home screen as 'Shirts'</span>
      <div>Step skipped
      </div>
                  </div>
                  <div class="step skip-bg">
                    <span>And I clicked Seach icon in home screen</span>
      <div>Step skipped
      </div>
                  </div>
                  <div class="step skip-bg">
                    <span>Then verify displayed Product page in home screen</span>
      <div>Step skipped
      </div>
                  </div>
                  <div class="step skip-bg">
                    <span>And 'Current Screen' is displayed with 'NA'</span>
      <div>Step skipped
      </div>
                  </div>
                  <div class="step fail-bg">
                    <span>common.Hooks.afterScenario(io.cucumber.java.Scenario)</span>
      <div>End Time: 2023-04-11 16:24:08.04
      </div>
      <div>
        <textarea disabled class="code-block">org.openqa.selenium.SessionNotCreatedException: Could not start a new session. Response code 500. Message: session not created: This version of ChromeDriver only supports Chrome version 112
Current browser version is 111.0.5563.65 with binary path C:\Program Files (x86)\Google\Chrome\Application\chrome.exe
Build info: version: '4.2.2', revision: '683ccb65d6'
System info: host: 'DESKTOP-111OUHK', ip: '192.168.1.192', os.name: 'Windows 10', os.arch: 'amd64', os.version: '10.0', java.version: '1.8.0_181'
Driver info: org.openqa.selenium.chrome.ChromeDriver
Command: [null, newSession {capabilities=[Capabilities {browserName: chrome, goog:chromeOptions: {args: [--ignore-ssl-errors=yes, --ignore-certificate-errors, use-fake-ui-for-media-stream, use-fake-device-for-media-s..., --remote-allow-origins=*], extensions: [], prefs: {profile.default_content_setting_values.notifications: 2}}}], desiredCapabilities=Capabilities {browserName: chrome, goog:chromeOptions: {args: [--ignore-ssl-errors=yes, --ignore-certificate-errors, use-fake-ui-for-media-stream, use-fake-device-for-media-s..., --remote-allow-origins=*], extensions: [], prefs: {profile.default_content_setting_values.notifications: 2}}}}]
	at org.openqa.selenium.remote.ProtocolHandshake.createSession(ProtocolHandshake.java:144)
	at org.openqa.selenium.remote.ProtocolHandshake.createSession(ProtocolHandshake.java:102)
	at org.openqa.selenium.remote.ProtocolHandshake.createSession(ProtocolHandshake.java:67)
	at org.openqa.selenium.remote.HttpCommandExecutor.execute(HttpCommandExecutor.java:156)
	at org.openqa.selenium.remote.service.DriverCommandExecutor.invokeExecute(DriverCommandExecutor.java:167)
	at org.openqa.selenium.remote.service.DriverCommandExecutor.execute(DriverCommandExecutor.java:142)
	at org.openqa.selenium.remote.RemoteWebDriver.execute(RemoteWebDriver.java:588)
	at org.openqa.selenium.remote.RemoteWebDriver.startSession(RemoteWebDriver.java:283)
	at org.openqa.selenium.remote.RemoteWebDriver.<init>(RemoteWebDriver.java:184)
	at org.openqa.selenium.chromium.ChromiumDriver.<init>(ChromiumDriver.java:106)
	at org.openqa.selenium.chrome.ChromeDriver.<init>(ChromeDriver.java:106)
	at org.openqa.selenium.chrome.ChromeDriver.<init>(ChromeDriver.java:93)
	at org.openqa.selenium.chrome.ChromeDriver.<init>(ChromeDriver.java:82)
	at common.WebBrowser.getBrowser(WebBrowser.java:227)
	at common.WebBrowser.getBrowser(WebBrowser.java:431)
	at common.Hooks.afterScenario(Hooks.java:212)
</textarea>
      
      </div>
                  </div>
              </div>
            </div>
            <div class="card-body l1">
              <div class="card-header">
                <div class="card-title outline-child">
                  <div class="node" id="103"><span class="badge log fail-bg mr-2">Fail</span>Search for different products and verify that the products are displayed.</div>
                </div>
              </div>
              <div class="card-body mt-3 ">
                  <div class="step pass-bg">
                    <span>common.Hooks.init(io.cucumber.java.Scenario)</span>
      <div>[@Test, @uida323845565, @set21, @test001, @Home_page]
      </div>
      <div>Start Time : 2023-04-11 16:24:11.827
      </div>
      <div>
      </div>
                  </div>
                  <div class="step fail-bg">
                    <span>Given I have access to application</span>
      <div>
        <textarea disabled class="code-block">org.openqa.selenium.SessionNotCreatedException: Could not start a new session. Response code 500. Message: session not created: This version of ChromeDriver only supports Chrome version 112
Current browser version is 111.0.5563.65 with binary path C:\Program Files (x86)\Google\Chrome\Application\chrome.exe
Build info: version: '4.2.2', revision: '683ccb65d6'
System info: host: 'DESKTOP-111OUHK', ip: '192.168.1.192', os.name: 'Windows 10', os.arch: 'amd64', os.version: '10.0', java.version: '1.8.0_181'
Driver info: org.openqa.selenium.chrome.ChromeDriver
Command: [null, newSession {capabilities=[Capabilities {browserName: chrome, goog:chromeOptions: {args: [--ignore-ssl-errors=yes, --ignore-certificate-errors, use-fake-ui-for-media-stream, use-fake-device-for-media-s..., --remote-allow-origins=*], extensions: [], prefs: {profile.default_content_setting_values.notifications: 2}}}], desiredCapabilities=Capabilities {browserName: chrome, goog:chromeOptions: {args: [--ignore-ssl-errors=yes, --ignore-certificate-errors, use-fake-ui-for-media-stream, use-fake-device-for-media-s..., --remote-allow-origins=*], extensions: [], prefs: {profile.default_content_setting_values.notifications: 2}}}}]
	at org.openqa.selenium.remote.ProtocolHandshake.createSession(ProtocolHandshake.java:144)
	at org.openqa.selenium.remote.ProtocolHandshake.createSession(ProtocolHandshake.java:102)
	at org.openqa.selenium.remote.ProtocolHandshake.createSession(ProtocolHandshake.java:67)
	at org.openqa.selenium.remote.HttpCommandExecutor.execute(HttpCommandExecutor.java:156)
	at org.openqa.selenium.remote.service.DriverCommandExecutor.invokeExecute(DriverCommandExecutor.java:167)
	at org.openqa.selenium.remote.service.DriverCommandExecutor.execute(DriverCommandExecutor.java:142)
	at org.openqa.selenium.remote.RemoteWebDriver.execute(RemoteWebDriver.java:588)
	at org.openqa.selenium.remote.RemoteWebDriver.startSession(RemoteWebDriver.java:283)
	at org.openqa.selenium.remote.RemoteWebDriver.<init>(RemoteWebDriver.java:184)
	at org.openqa.selenium.chromium.ChromiumDriver.<init>(ChromiumDriver.java:106)
	at org.openqa.selenium.chrome.ChromeDriver.<init>(ChromeDriver.java:106)
	at org.openqa.selenium.chrome.ChromeDriver.<init>(ChromeDriver.java:93)
	at org.openqa.selenium.chrome.ChromeDriver.<init>(ChromeDriver.java:82)
	at common.WebBrowser.getBrowser(WebBrowser.java:227)
	at common.WebBrowser.LaunchApplication(WebBrowser.java:459)
	at workflows.SeleniumWorkFlow.accessToPage(SeleniumWorkFlow.java:78)
	at stepdefinitions.NAStepDefinition.GivenIHaveAccessToApplication(NAStepDefinition.java:14)
	at ?.I have access to application(file:///C:/Users/Dell/Documents/manyavar%20testcases/AlgoAFScript_1681210258640/src/test/java/features/Manyavar_Web%20Automation_SRS_TestCases_202304111620051.feature:16)
</textarea>
      
      </div>
                  </div>
                  <div class="step skip-bg">
                    <span>When I entered Brand name in login page as 'Manyavar'</span>
      <div>Step skipped
      </div>
                  </div>
                  <div class="step skip-bg">
                    <span>And I clicked Search in login page</span>
      <div>Step skipped
      </div>
                  </div>
                  <div class="step skip-bg">
                    <span>And I entered Product names in home screen as 'Tshirts'</span>
      <div>Step skipped
      </div>
                  </div>
                  <div class="step skip-bg">
                    <span>And I clicked Seach icon in home screen</span>
      <div>Step skipped
      </div>
                  </div>
                  <div class="step skip-bg">
                    <span>Then verify displayed Product page in home screen</span>
      <div>Step skipped
      </div>
                  </div>
                  <div class="step skip-bg">
                    <span>And 'Current Screen' is displayed with 'NA'</span>
      <div>Step skipped
      </div>
                  </div>
                  <div class="step fail-bg">
                    <span>common.Hooks.afterScenario(io.cucumber.java.Scenario)</span>
      <div>End Time: 2023-04-11 16:24:14.751
      </div>
      <div>
        <textarea disabled class="code-block">org.openqa.selenium.SessionNotCreatedException: Could not start a new session. Response code 500. Message: session not created: This version of ChromeDriver only supports Chrome version 112
Current browser version is 111.0.5563.65 with binary path C:\Program Files (x86)\Google\Chrome\Application\chrome.exe
Build info: version: '4.2.2', revision: '683ccb65d6'
System info: host: 'DESKTOP-111OUHK', ip: '192.168.1.192', os.name: 'Windows 10', os.arch: 'amd64', os.version: '10.0', java.version: '1.8.0_181'
Driver info: org.openqa.selenium.chrome.ChromeDriver
Command: [null, newSession {capabilities=[Capabilities {browserName: chrome, goog:chromeOptions: {args: [--ignore-ssl-errors=yes, --ignore-certificate-errors, use-fake-ui-for-media-stream, use-fake-device-for-media-s..., --remote-allow-origins=*], extensions: [], prefs: {profile.default_content_setting_values.notifications: 2}}}], desiredCapabilities=Capabilities {browserName: chrome, goog:chromeOptions: {args: [--ignore-ssl-errors=yes, --ignore-certificate-errors, use-fake-ui-for-media-stream, use-fake-device-for-media-s..., --remote-allow-origins=*], extensions: [], prefs: {profile.default_content_setting_values.notifications: 2}}}}]
	at org.openqa.selenium.remote.ProtocolHandshake.createSession(ProtocolHandshake.java:144)
	at org.openqa.selenium.remote.ProtocolHandshake.createSession(ProtocolHandshake.java:102)
	at org.openqa.selenium.remote.ProtocolHandshake.createSession(ProtocolHandshake.java:67)
	at org.openqa.selenium.remote.HttpCommandExecutor.execute(HttpCommandExecutor.java:156)
	at org.openqa.selenium.remote.service.DriverCommandExecutor.invokeExecute(DriverCommandExecutor.java:167)
	at org.openqa.selenium.remote.service.DriverCommandExecutor.execute(DriverCommandExecutor.java:142)
	at org.openqa.selenium.remote.RemoteWebDriver.execute(RemoteWebDriver.java:588)
	at org.openqa.selenium.remote.RemoteWebDriver.startSession(RemoteWebDriver.java:283)
	at org.openqa.selenium.remote.RemoteWebDriver.<init>(RemoteWebDriver.java:184)
	at org.openqa.selenium.chromium.ChromiumDriver.<init>(ChromiumDriver.java:106)
	at org.openqa.selenium.chrome.ChromeDriver.<init>(ChromeDriver.java:106)
	at org.openqa.selenium.chrome.ChromeDriver.<init>(ChromeDriver.java:93)
	at org.openqa.selenium.chrome.ChromeDriver.<init>(ChromeDriver.java:82)
	at common.WebBrowser.getBrowser(WebBrowser.java:227)
	at common.WebBrowser.getBrowser(WebBrowser.java:431)
	at common.Hooks.afterScenario(Hooks.java:212)
</textarea>
      
      </div>
                  </div>
              </div>
            </div>
        </div>
  </div>
  <div class="card">
    <div class="card-header" role="tab">
      <div class="card-title">
        <div class="node" id="128"><span class="badge log fail-bg mr-2">Fail</span>Search for product, verify that the price in listing page  and description page are same</div>
      </div>
    </div>
        <div class="scenario_outline ">
            <div class="card-body l1">
              <div class="card-header">
                <div class="card-title outline-child">
                  <div class="node" id="129"><span class="badge log fail-bg mr-2">Fail</span>Search for product, verify that the price in listing page  and description page are same</div>
                </div>
              </div>
              <div class="card-body mt-3 ">
                  <div class="step pass-bg">
                    <span>common.Hooks.init(io.cucumber.java.Scenario)</span>
      <div>[@Test2, @uid1291529172, @set21, @test002]
      </div>
      <div>Start Time : 2023-04-11 16:24:17.602
      </div>
      <div>
      </div>
                  </div>
                  <div class="step fail-bg">
                    <span>Given I have access to application</span>
      <div>
        <textarea disabled class="code-block">org.openqa.selenium.SessionNotCreatedException: Could not start a new session. Response code 500. Message: session not created: This version of ChromeDriver only supports Chrome version 112
Current browser version is 111.0.5563.65 with binary path C:\Program Files (x86)\Google\Chrome\Application\chrome.exe
Build info: version: '4.2.2', revision: '683ccb65d6'
System info: host: 'DESKTOP-111OUHK', ip: '192.168.1.192', os.name: 'Windows 10', os.arch: 'amd64', os.version: '10.0', java.version: '1.8.0_181'
Driver info: org.openqa.selenium.chrome.ChromeDriver
Command: [null, newSession {capabilities=[Capabilities {browserName: chrome, goog:chromeOptions: {args: [--ignore-ssl-errors=yes, --ignore-certificate-errors, use-fake-ui-for-media-stream, use-fake-device-for-media-s..., --remote-allow-origins=*], extensions: [], prefs: {profile.default_content_setting_values.notifications: 2}}}], desiredCapabilities=Capabilities {browserName: chrome, goog:chromeOptions: {args: [--ignore-ssl-errors=yes, --ignore-certificate-errors, use-fake-ui-for-media-stream, use-fake-device-for-media-s..., --remote-allow-origins=*], extensions: [], prefs: {profile.default_content_setting_values.notifications: 2}}}}]
	at org.openqa.selenium.remote.ProtocolHandshake.createSession(ProtocolHandshake.java:144)
	at org.openqa.selenium.remote.ProtocolHandshake.createSession(ProtocolHandshake.java:102)
	at org.openqa.selenium.remote.ProtocolHandshake.createSession(ProtocolHandshake.java:67)
	at org.openqa.selenium.remote.HttpCommandExecutor.execute(HttpCommandExecutor.java:156)
	at org.openqa.selenium.remote.service.DriverCommandExecutor.invokeExecute(DriverCommandExecutor.java:167)
	at org.openqa.selenium.remote.service.DriverCommandExecutor.execute(DriverCommandExecutor.java:142)
	at org.openqa.selenium.remote.RemoteWebDriver.execute(RemoteWebDriver.java:588)
	at org.openqa.selenium.remote.RemoteWebDriver.startSession(RemoteWebDriver.java:283)
	at org.openqa.selenium.remote.RemoteWebDriver.<init>(RemoteWebDriver.java:184)
	at org.openqa.selenium.chromium.ChromiumDriver.<init>(ChromiumDriver.java:106)
	at org.openqa.selenium.chrome.ChromeDriver.<init>(ChromeDriver.java:106)
	at org.openqa.selenium.chrome.ChromeDriver.<init>(ChromeDriver.java:93)
	at org.openqa.selenium.chrome.ChromeDriver.<init>(ChromeDriver.java:82)
	at common.WebBrowser.getBrowser(WebBrowser.java:227)
	at common.WebBrowser.LaunchApplication(WebBrowser.java:459)
	at workflows.SeleniumWorkFlow.accessToPage(SeleniumWorkFlow.java:78)
	at stepdefinitions.NAStepDefinition.GivenIHaveAccessToApplication(NAStepDefinition.java:14)
	at ?.I have access to application(file:///C:/Users/Dell/Documents/manyavar%20testcases/AlgoAFScript_1681210258640/src/test/java/features/Manyavar_Web%20Automation_SRS_TestCases_202304111620051.feature:40)
</textarea>
      
      </div>
                  </div>
                  <div class="step skip-bg">
                    <span>When I entered Brand name in login page as 'Manyavar'</span>
      <div>Step skipped
      </div>
                  </div>
                  <div class="step skip-bg">
                    <span>And I clicked Search in login page</span>
      <div>Step skipped
      </div>
                  </div>
                  <div class="step skip-bg">
                    <span>And I entered Product names in home screen as 'saree'</span>
      <div>Step skipped
      </div>
                  </div>
                  <div class="step skip-bg">
                    <span>And I clicked Seach icon in home screen</span>
      <div>Step skipped
      </div>
                  </div>
                  <div class="step skip-bg">
                    <span>Then verify displayed Product list in product listing page</span>
      <div>Step skipped
      </div>
                  </div>
                  <div class="step skip-bg">
                    <span>When I copied number Price in product listing page</span>
      <div>Step skipped
      </div>
                  </div>
                  <div class="step skip-bg">
                    <span>And I clicked Product image in product listing page</span>
      <div>Step skipped
      </div>
                  </div>
                  <div class="step skip-bg">
                    <span>Then verify copied number Discription price in discription page</span>
      <div>Step skipped
      </div>
                  </div>
                  <div class="step skip-bg">
                    <span>And 'Current Screen' is displayed with 'NA'</span>
      <div>Step skipped
      </div>
                  </div>
                  <div class="step fail-bg">
                    <span>common.Hooks.afterScenario(io.cucumber.java.Scenario)</span>
      <div>End Time: 2023-04-11 16:24:20.209
      </div>
      <div>
        <textarea disabled class="code-block">org.openqa.selenium.SessionNotCreatedException: Could not start a new session. Response code 500. Message: session not created: This version of ChromeDriver only supports Chrome version 112
Current browser version is 111.0.5563.65 with binary path C:\Program Files (x86)\Google\Chrome\Application\chrome.exe
Build info: version: '4.2.2', revision: '683ccb65d6'
System info: host: 'DESKTOP-111OUHK', ip: '192.168.1.192', os.name: 'Windows 10', os.arch: 'amd64', os.version: '10.0', java.version: '1.8.0_181'
Driver info: org.openqa.selenium.chrome.ChromeDriver
Command: [null, newSession {capabilities=[Capabilities {browserName: chrome, goog:chromeOptions: {args: [--ignore-ssl-errors=yes, --ignore-certificate-errors, use-fake-ui-for-media-stream, use-fake-device-for-media-s..., --remote-allow-origins=*], extensions: [], prefs: {profile.default_content_setting_values.notifications: 2}}}], desiredCapabilities=Capabilities {browserName: chrome, goog:chromeOptions: {args: [--ignore-ssl-errors=yes, --ignore-certificate-errors, use-fake-ui-for-media-stream, use-fake-device-for-media-s..., --remote-allow-origins=*], extensions: [], prefs: {profile.default_content_setting_values.notifications: 2}}}}]
	at org.openqa.selenium.remote.ProtocolHandshake.createSession(ProtocolHandshake.java:144)
	at org.openqa.selenium.remote.ProtocolHandshake.createSession(ProtocolHandshake.java:102)
	at org.openqa.selenium.remote.ProtocolHandshake.createSession(ProtocolHandshake.java:67)
	at org.openqa.selenium.remote.HttpCommandExecutor.execute(HttpCommandExecutor.java:156)
	at org.openqa.selenium.remote.service.DriverCommandExecutor.invokeExecute(DriverCommandExecutor.java:167)
	at org.openqa.selenium.remote.service.DriverCommandExecutor.execute(DriverCommandExecutor.java:142)
	at org.openqa.selenium.remote.RemoteWebDriver.execute(RemoteWebDriver.java:588)
	at org.openqa.selenium.remote.RemoteWebDriver.startSession(RemoteWebDriver.java:283)
	at org.openqa.selenium.remote.RemoteWebDriver.<init>(RemoteWebDriver.java:184)
	at org.openqa.selenium.chromium.ChromiumDriver.<init>(ChromiumDriver.java:106)
	at org.openqa.selenium.chrome.ChromeDriver.<init>(ChromeDriver.java:106)
	at org.openqa.selenium.chrome.ChromeDriver.<init>(ChromeDriver.java:93)
	at org.openqa.selenium.chrome.ChromeDriver.<init>(ChromeDriver.java:82)
	at common.WebBrowser.getBrowser(WebBrowser.java:227)
	at common.WebBrowser.getBrowser(WebBrowser.java:431)
	at common.Hooks.afterScenario(Hooks.java:212)
</textarea>
      
      </div>
                  </div>
              </div>
            </div>
        </div>
  </div>
  <div class="card">
    <div class="card-header" role="tab">
      <div class="card-title">
        <div class="node" id="163"><span class="badge log fail-bg mr-2">Fail</span>In listing page, test for sort options. Further verify if the products are sorted low to high or high to low</div>
      </div>
    </div>
        <div class="scenario_outline ">
            <div class="card-body l1">
              <div class="card-header">
                <div class="card-title outline-child">
                  <div class="node" id="164"><span class="badge log fail-bg mr-2">Fail</span>In listing page, test for sort options. Further verify if the products are sorted low to high or high to low</div>
                </div>
              </div>
              <div class="card-body mt-3 ">
                  <div class="step pass-bg">
                    <span>common.Hooks.init(io.cucumber.java.Scenario)</span>
      <div>[@Test3, @uid368893081, @set21, @test003]
      </div>
      <div>Start Time : 2023-04-11 16:24:24.055
      </div>
      <div>
      </div>
                  </div>
                  <div class="step fail-bg">
                    <span>Given I have access to application</span>
      <div>
        <textarea disabled class="code-block">org.openqa.selenium.SessionNotCreatedException: Could not start a new session. Response code 500. Message: session not created: This version of ChromeDriver only supports Chrome version 112
Current browser version is 111.0.5563.65 with binary path C:\Program Files (x86)\Google\Chrome\Application\chrome.exe
Build info: version: '4.2.2', revision: '683ccb65d6'
System info: host: 'DESKTOP-111OUHK', ip: '192.168.1.192', os.name: 'Windows 10', os.arch: 'amd64', os.version: '10.0', java.version: '1.8.0_181'
Driver info: org.openqa.selenium.chrome.ChromeDriver
Command: [null, newSession {capabilities=[Capabilities {browserName: chrome, goog:chromeOptions: {args: [--ignore-ssl-errors=yes, --ignore-certificate-errors, use-fake-ui-for-media-stream, use-fake-device-for-media-s..., --remote-allow-origins=*], extensions: [], prefs: {profile.default_content_setting_values.notifications: 2}}}], desiredCapabilities=Capabilities {browserName: chrome, goog:chromeOptions: {args: [--ignore-ssl-errors=yes, --ignore-certificate-errors, use-fake-ui-for-media-stream, use-fake-device-for-media-s..., --remote-allow-origins=*], extensions: [], prefs: {profile.default_content_setting_values.notifications: 2}}}}]
	at org.openqa.selenium.remote.ProtocolHandshake.createSession(ProtocolHandshake.java:144)
	at org.openqa.selenium.remote.ProtocolHandshake.createSession(ProtocolHandshake.java:102)
	at org.openqa.selenium.remote.ProtocolHandshake.createSession(ProtocolHandshake.java:67)
	at org.openqa.selenium.remote.HttpCommandExecutor.execute(HttpCommandExecutor.java:156)
	at org.openqa.selenium.remote.service.DriverCommandExecutor.invokeExecute(DriverCommandExecutor.java:167)
	at org.openqa.selenium.remote.service.DriverCommandExecutor.execute(DriverCommandExecutor.java:142)
	at org.openqa.selenium.remote.RemoteWebDriver.execute(RemoteWebDriver.java:588)
	at org.openqa.selenium.remote.RemoteWebDriver.startSession(RemoteWebDriver.java:283)
	at org.openqa.selenium.remote.RemoteWebDriver.<init>(RemoteWebDriver.java:184)
	at org.openqa.selenium.chromium.ChromiumDriver.<init>(ChromiumDriver.java:106)
	at org.openqa.selenium.chrome.ChromeDriver.<init>(ChromeDriver.java:106)
	at org.openqa.selenium.chrome.ChromeDriver.<init>(ChromeDriver.java:93)
	at org.openqa.selenium.chrome.ChromeDriver.<init>(ChromeDriver.java:82)
	at common.WebBrowser.getBrowser(WebBrowser.java:227)
	at common.WebBrowser.LaunchApplication(WebBrowser.java:459)
	at workflows.SeleniumWorkFlow.accessToPage(SeleniumWorkFlow.java:78)
	at stepdefinitions.NAStepDefinition.GivenIHaveAccessToApplication(NAStepDefinition.java:14)
	at ?.I have access to application(file:///C:/Users/Dell/Documents/manyavar%20testcases/AlgoAFScript_1681210258640/src/test/java/features/Manyavar_Web%20Automation_SRS_TestCases_202304111620051.feature:63)
</textarea>
      
      </div>
                  </div>
                  <div class="step skip-bg">
                    <span>When I entered Brand name in login page as 'Manyavar'</span>
      <div>Step skipped
      </div>
                  </div>
                  <div class="step skip-bg">
                    <span>And I clicked Search in login page</span>
      <div>Step skipped
      </div>
                  </div>
                  <div class="step skip-bg">
                    <span>And I entered Product names in home screen as 'Shirts'</span>
      <div>Step skipped
      </div>
                  </div>
                  <div class="step skip-bg">
                    <span>And I clicked Seach icon in home screen</span>
      <div>Step skipped
      </div>
                  </div>
                  <div class="step skip-bg">
                    <span>Then verify displayed Product list in product listing page</span>
      <div>Step skipped
      </div>
                  </div>
                  <div class="step skip-bg">
                    <span>When I mousehover Sort by in discription page</span>
      <div>Step skipped
      </div>
                  </div>
                  <div class="step skip-bg">
                    <span>And I clicked Price high to low in discription page</span>
      <div>Step skipped
      </div>
                  </div>
                  <div class="step skip-bg">
                    <span>Then verify high to low Cost in discription page</span>
      <div>Step skipped
      </div>
                  </div>
                  <div class="step skip-bg">
                    <span>When I mousehover Sort by in discription page</span>
      <div>Step skipped
      </div>
                  </div>
                  <div class="step skip-bg">
                    <span>And I clicked Price low to high in discription page</span>
      <div>Step skipped
      </div>
                  </div>
                  <div class="step skip-bg">
                    <span>Then verify low to high low cost in discription page</span>
      <div>Step skipped
      </div>
                  </div>
                  <div class="step skip-bg">
                    <span>And 'Current Screen' is displayed with 'NA'</span>
      <div>Step skipped
      </div>
                  </div>
                  <div class="step fail-bg">
                    <span>common.Hooks.afterScenario(io.cucumber.java.Scenario)</span>
      <div>End Time: 2023-04-11 16:24:27.178
      </div>
      <div>
        <textarea disabled class="code-block">org.openqa.selenium.SessionNotCreatedException: Could not start a new session. Response code 500. Message: session not created: This version of ChromeDriver only supports Chrome version 112
Current browser version is 111.0.5563.65 with binary path C:\Program Files (x86)\Google\Chrome\Application\chrome.exe
Build info: version: '4.2.2', revision: '683ccb65d6'
System info: host: 'DESKTOP-111OUHK', ip: '192.168.1.192', os.name: 'Windows 10', os.arch: 'amd64', os.version: '10.0', java.version: '1.8.0_181'
Driver info: org.openqa.selenium.chrome.ChromeDriver
Command: [null, newSession {capabilities=[Capabilities {browserName: chrome, goog:chromeOptions: {args: [--ignore-ssl-errors=yes, --ignore-certificate-errors, use-fake-ui-for-media-stream, use-fake-device-for-media-s..., --remote-allow-origins=*], extensions: [], prefs: {profile.default_content_setting_values.notifications: 2}}}], desiredCapabilities=Capabilities {browserName: chrome, goog:chromeOptions: {args: [--ignore-ssl-errors=yes, --ignore-certificate-errors, use-fake-ui-for-media-stream, use-fake-device-for-media-s..., --remote-allow-origins=*], extensions: [], prefs: {profile.default_content_setting_values.notifications: 2}}}}]
	at org.openqa.selenium.remote.ProtocolHandshake.createSession(ProtocolHandshake.java:144)
	at org.openqa.selenium.remote.ProtocolHandshake.createSession(ProtocolHandshake.java:102)
	at org.openqa.selenium.remote.ProtocolHandshake.createSession(ProtocolHandshake.java:67)
	at org.openqa.selenium.remote.HttpCommandExecutor.execute(HttpCommandExecutor.java:156)
	at org.openqa.selenium.remote.service.DriverCommandExecutor.invokeExecute(DriverCommandExecutor.java:167)
	at org.openqa.selenium.remote.service.DriverCommandExecutor.execute(DriverCommandExecutor.java:142)
	at org.openqa.selenium.remote.RemoteWebDriver.execute(RemoteWebDriver.java:588)
	at org.openqa.selenium.remote.RemoteWebDriver.startSession(RemoteWebDriver.java:283)
	at org.openqa.selenium.remote.RemoteWebDriver.<init>(RemoteWebDriver.java:184)
	at org.openqa.selenium.chromium.ChromiumDriver.<init>(ChromiumDriver.java:106)
	at org.openqa.selenium.chrome.ChromeDriver.<init>(ChromeDriver.java:106)
	at org.openqa.selenium.chrome.ChromeDriver.<init>(ChromeDriver.java:93)
	at org.openqa.selenium.chrome.ChromeDriver.<init>(ChromeDriver.java:82)
	at common.WebBrowser.getBrowser(WebBrowser.java:227)
	at common.WebBrowser.getBrowser(WebBrowser.java:431)
	at common.Hooks.afterScenario(Hooks.java:212)
</textarea>
      
      </div>
                  </div>
              </div>
            </div>
        </div>
  </div>
</div>
          </div>
        </li>
      </ul>
    </div>
  </div>
<div class="test-content scrollable">
<div class="test-content-tools">
<ul><li><a class="back-to-test" href="#"><i class="fa fa-arrow-left"></i></a></li></ul>
</div>
<div class="test-content-detail"><div class="detail-body"></div></div>
</div></div>
<div class="test-wrapper row view exception-view attributes-view">
<div class="test-list">
<div class="test-list-tools">
<ul class="tools pull-left"><li><a href=""><span class="font-size-14">Exception</span></a></li></ul>
<ul class="tools text-right"><li><a href="#"><span class="badge badge-primary">1</span></a></li></ul>
</div>
<div class="test-list-wrapper scrollable">
<ul class="test-list-item">
<li class="test-item">
<div class="test-detail">
<span class="meta">
<span class='badge log badge-danger'>14</span>
</span>
<p class="name">org.openqa.selenium.SessionNotCreatedException</p>
<p class="duration text-sm">14 tests</p>
</div>
<div class="test-contents d-none">
<div class="info">
<h4>org.openqa.selenium.SessionNotCreatedException</h4>
<span status="fail" class='badge log badge-danger'>14 failed</span>
</div>
<table class='table table-sm mt-4'>
<thead>
<tr>
<th class="status-col">Status</th>
<th class="timestamp-col">Timestamp</th>
<th>TestName</th>
</tr>
</thead>
<tbody>
<tr class="tag-test-status" status="fail">
<td><span class="badge log fail-bg">Fail</span></td>
<td>16:23:41 PM</td>
<td>
<a href="#" class="linked" test-id='1' id='6'>Given I have access to application</a>
<div class="">
<span class="badge badge-default">Manyavar_Web Automation_SRS_TestCases_202304111620051.Search for different products and verify that the products are displayed..Given I have access to application</span>
</div>
</td>
</tr>
<tr class="tag-test-status" status="fail">
<td><span class="badge log fail-bg">Fail</span></td>
<td>16:23:49 PM</td>
<td>
<a href="#" class="linked" test-id='1' id='26'>common.Hooks.afterScenario(io.cucumber.java.Scenario)</a>
<div class="">
<span class="badge badge-default">Manyavar_Web Automation_SRS_TestCases_202304111620051.Search for different products and verify that the products are displayed..common.Hooks.afterScenario(io.cucumber.java.Scenario)</span>
</div>
</td>
</tr>
<tr class="tag-test-status" status="fail">
<td><span class="badge log fail-bg">Fail</span></td>
<td>16:23:52 PM</td>
<td>
<a href="#" class="linked" test-id='1' id='31'>Given I have access to application</a>
<div class="">
<span class="badge badge-default">Manyavar_Web Automation_SRS_TestCases_202304111620051.Search for different products and verify that the products are displayed..Given I have access to application</span>
</div>
</td>
</tr>
<tr class="tag-test-status" status="fail">
<td><span class="badge log fail-bg">Fail</span></td>
<td>16:23:55 PM</td>
<td>
<a href="#" class="linked" test-id='1' id='51'>common.Hooks.afterScenario(io.cucumber.java.Scenario)</a>
<div class="">
<span class="badge badge-default">Manyavar_Web Automation_SRS_TestCases_202304111620051.Search for different products and verify that the products are displayed..common.Hooks.afterScenario(io.cucumber.java.Scenario)</span>
</div>
</td>
</tr>
<tr class="tag-test-status" status="fail">
<td><span class="badge log fail-bg">Fail</span></td>
<td>16:23:57 PM</td>
<td>
<a href="#" class="linked" test-id='1' id='56'>Given I have access to application</a>
<div class="">
<span class="badge badge-default">Manyavar_Web Automation_SRS_TestCases_202304111620051.Search for different products and verify that the products are displayed..Given I have access to application</span>
</div>
</td>
</tr>
<tr class="tag-test-status" status="fail">
<td><span class="badge log fail-bg">Fail</span></td>
<td>16:24:00 PM</td>
<td>
<a href="#" class="linked" test-id='1' id='76'>common.Hooks.afterScenario(io.cucumber.java.Scenario)</a>
<div class="">
<span class="badge badge-default">Manyavar_Web Automation_SRS_TestCases_202304111620051.Search for different products and verify that the products are displayed..common.Hooks.afterScenario(io.cucumber.java.Scenario)</span>
</div>
</td>
</tr>
<tr class="tag-test-status" status="fail">
<td><span class="badge log fail-bg">Fail</span></td>
<td>16:24:04 PM</td>
<td>
<a href="#" class="linked" test-id='1' id='81'>Given I have access to application</a>
<div class="">
<span class="badge badge-default">Manyavar_Web Automation_SRS_TestCases_202304111620051.Search for different products and verify that the products are displayed..Given I have access to application</span>
</div>
</td>
</tr>
<tr class="tag-test-status" status="fail">
<td><span class="badge log fail-bg">Fail</span></td>
<td>16:24:08 PM</td>
<td>
<a href="#" class="linked" test-id='1' id='101'>common.Hooks.afterScenario(io.cucumber.java.Scenario)</a>
<div class="">
<span class="badge badge-default">Manyavar_Web Automation_SRS_TestCases_202304111620051.Search for different products and verify that the products are displayed..common.Hooks.afterScenario(io.cucumber.java.Scenario)</span>
</div>
</td>
</tr>
<tr class="tag-test-status" status="fail">
<td><span class="badge log fail-bg">Fail</span></td>
<td>16:24:11 PM</td>
<td>
<a href="#" class="linked" test-id='1' id='106'>Given I have access to application</a>
<div class="">
<span class="badge badge-default">Manyavar_Web Automation_SRS_TestCases_202304111620051.Search for different products and verify that the products are displayed..Given I have access to application</span>
</div>
</td>
</tr>
<tr class="tag-test-status" status="fail">
<td><span class="badge log fail-bg">Fail</span></td>
<td>16:24:14 PM</td>
<td>
<a href="#" class="linked" test-id='1' id='126'>common.Hooks.afterScenario(io.cucumber.java.Scenario)</a>
<div class="">
<span class="badge badge-default">Manyavar_Web Automation_SRS_TestCases_202304111620051.Search for different products and verify that the products are displayed..common.Hooks.afterScenario(io.cucumber.java.Scenario)</span>
</div>
</td>
</tr>
<tr class="tag-test-status" status="fail">
<td><span class="badge log fail-bg">Fail</span></td>
<td>16:24:17 PM</td>
<td>
<a href="#" class="linked" test-id='1' id='132'>Given I have access to application</a>
<div class="">
<span class="badge badge-default">Manyavar_Web Automation_SRS_TestCases_202304111620051.Search for product, verify that the price in listing page and description page are same.Given I have access to application</span>
</div>
</td>
</tr>
<tr class="tag-test-status" status="fail">
<td><span class="badge log fail-bg">Fail</span></td>
<td>16:24:20 PM</td>
<td>
<a href="#" class="linked" test-id='1' id='161'>common.Hooks.afterScenario(io.cucumber.java.Scenario)</a>
<div class="">
<span class="badge badge-default">Manyavar_Web Automation_SRS_TestCases_202304111620051.Search for product, verify that the price in listing page and description page are same.common.Hooks.afterScenario(io.cucumber.java.Scenario)</span>
</div>
</td>
</tr>
<tr class="tag-test-status" status="fail">
<td><span class="badge log fail-bg">Fail</span></td>
<td>16:24:24 PM</td>
<td>
<a href="#" class="linked" test-id='1' id='167'>Given I have access to application</a>
<div class="">
<span class="badge badge-default">Manyavar_Web Automation_SRS_TestCases_202304111620051.In listing page, test for sort options. Further verify if the products are sorted low to high or high to low.Given I have access to application</span>
</div>
</td>
</tr>
<tr class="tag-test-status" status="fail">
<td><span class="badge log fail-bg">Fail</span></td>
<td>16:24:27 PM</td>
<td>
<a href="#" class="linked" test-id='1' id='205'>common.Hooks.afterScenario(io.cucumber.java.Scenario)</a>
<div class="">
<span class="badge badge-default">Manyavar_Web Automation_SRS_TestCases_202304111620051.In listing page, test for sort options. Further verify if the products are sorted low to high or high to low.common.Hooks.afterScenario(io.cucumber.java.Scenario)</span>
</div>
</td>
</tr>
</tbody>
</table>
</div>
</li>
</ul>
</div>
</div>
<div class="test-content scrollable">
<div class="test-content-detail">
<div class="detail-body"></div>
</div>
</div>
</div><div class="test-wrapper row view category-view attributes-view">
<div class="test-list">
<div class="test-list-tools">
<ul class="tools pull-left"><li><a href=""><span class="font-size-14">Category</span></a></li></ul>
<ul class="tools text-right"><li><a href="#"><span class="badge badge-primary">11</span></a></li></ul>
</div>
<div class="test-list-wrapper scrollable">
<ul class="test-list-item">
<li class="test-item">
<div class="test-detail">
<span class="meta">
<span class='badge log badge-danger'>2</span>
</span>
<p class="name">@test003</p>
<p class="duration text-sm">2 tests</p>
</div>
<div class="test-contents d-none">
<div class="info">
<h4>@test003</h4>
<span status="fail" class='badge log badge-danger'>2 failed</span>
</div>
<table class='table table-sm mt-4'>
<thead>
<tr>
<th class="status-col">Status</th>
<th class="timestamp-col">Timestamp</th>
<th>TestName</th>
</tr>
</thead>
<tbody>
<tr class="tag-test-status" status="fail">
<td><span class="badge log fail-bg">Fail</span></td>
<td>16:24:24 PM</td>
<td>
<a href="#" class="linked" test-id='1' id='163'>In listing page, test for sort options. Further verify if the products are sorted low to high or high to low</a>
<div class="">
<span class="badge badge-default">Manyavar_Web Automation_SRS_TestCases_202304111620051.In listing page, test for sort options. Further verify if the products are sorted low to high or high to low</span>
</div>
</td>
</tr>
<tr class="tag-test-status" status="fail">
<td><span class="badge log fail-bg">Fail</span></td>
<td>16:24:24 PM</td>
<td>
<a href="#" class="linked" test-id='1' id='164'>In listing page, test for sort options. Further verify if the products are sorted low to high or high to low</a>
<div class="">
<span class="badge badge-default">Manyavar_Web Automation_SRS_TestCases_202304111620051.In listing page, test for sort options. Further verify if the products are sorted low to high or high to low</span>
</div>
</td>
</tr>
</tbody>
</table>
</div>
</li>
<li class="test-item">
<div class="test-detail">
<span class="meta">
<span class='badge log badge-danger'>2</span>
</span>
<p class="name">@uid368893081</p>
<p class="duration text-sm">2 tests</p>
</div>
<div class="test-contents d-none">
<div class="info">
<h4>@uid368893081</h4>
<span status="fail" class='badge log badge-danger'>2 failed</span>
</div>
<table class='table table-sm mt-4'>
<thead>
<tr>
<th class="status-col">Status</th>
<th class="timestamp-col">Timestamp</th>
<th>TestName</th>
</tr>
</thead>
<tbody>
<tr class="tag-test-status" status="fail">
<td><span class="badge log fail-bg">Fail</span></td>
<td>16:24:24 PM</td>
<td>
<a href="#" class="linked" test-id='1' id='163'>In listing page, test for sort options. Further verify if the products are sorted low to high or high to low</a>
<div class="">
<span class="badge badge-default">Manyavar_Web Automation_SRS_TestCases_202304111620051.In listing page, test for sort options. Further verify if the products are sorted low to high or high to low</span>
</div>
</td>
</tr>
<tr class="tag-test-status" status="fail">
<td><span class="badge log fail-bg">Fail</span></td>
<td>16:24:24 PM</td>
<td>
<a href="#" class="linked" test-id='1' id='164'>In listing page, test for sort options. Further verify if the products are sorted low to high or high to low</a>
<div class="">
<span class="badge badge-default">Manyavar_Web Automation_SRS_TestCases_202304111620051.In listing page, test for sort options. Further verify if the products are sorted low to high or high to low</span>
</div>
</td>
</tr>
</tbody>
</table>
</div>
</li>
<li class="test-item">
<div class="test-detail">
<span class="meta">
<span class='badge log badge-danger'>6</span>
</span>
<p class="name">@uida323845565</p>
<p class="duration text-sm">6 tests</p>
</div>
<div class="test-contents d-none">
<div class="info">
<h4>@uida323845565</h4>
<span status="fail" class='badge log badge-danger'>6 failed</span>
</div>
<table class='table table-sm mt-4'>
<thead>
<tr>
<th class="status-col">Status</th>
<th class="timestamp-col">Timestamp</th>
<th>TestName</th>
</tr>
</thead>
<tbody>
<tr class="tag-test-status" status="fail">
<td><span class="badge log fail-bg">Fail</span></td>
<td>16:23:40 PM</td>
<td>
<a href="#" class="linked" test-id='1' id='2'>Search for different products and verify that the products are displayed.</a>
<div class="">
<span class="badge badge-default">Manyavar_Web Automation_SRS_TestCases_202304111620051.Search for different products and verify that the products are displayed.</span>
</div>
</td>
</tr>
<tr class="tag-test-status" status="fail">
<td><span class="badge log fail-bg">Fail</span></td>
<td>16:23:40 PM</td>
<td>
<a href="#" class="linked" test-id='1' id='3'>Search for different products and verify that the products are displayed.</a>
<div class="">
<span class="badge badge-default">Manyavar_Web Automation_SRS_TestCases_202304111620051.Search for different products and verify that the products are displayed.</span>
</div>
</td>
</tr>
<tr class="tag-test-status" status="fail">
<td><span class="badge log fail-bg">Fail</span></td>
<td>16:23:52 PM</td>
<td>
<a href="#" class="linked" test-id='1' id='28'>Search for different products and verify that the products are displayed.</a>
<div class="">
<span class="badge badge-default">Manyavar_Web Automation_SRS_TestCases_202304111620051.Search for different products and verify that the products are displayed.</span>
</div>
</td>
</tr>
<tr class="tag-test-status" status="fail">
<td><span class="badge log fail-bg">Fail</span></td>
<td>16:23:57 PM</td>
<td>
<a href="#" class="linked" test-id='1' id='53'>Search for different products and verify that the products are displayed.</a>
<div class="">
<span class="badge badge-default">Manyavar_Web Automation_SRS_TestCases_202304111620051.Search for different products and verify that the products are displayed.</span>
</div>
</td>
</tr>
<tr class="tag-test-status" status="fail">
<td><span class="badge log fail-bg">Fail</span></td>
<td>16:24:04 PM</td>
<td>
<a href="#" class="linked" test-id='1' id='78'>Search for different products and verify that the products are displayed.</a>
<div class="">
<span class="badge badge-default">Manyavar_Web Automation_SRS_TestCases_202304111620051.Search for different products and verify that the products are displayed.</span>
</div>
</td>
</tr>
<tr class="tag-test-status" status="fail">
<td><span class="badge log fail-bg">Fail</span></td>
<td>16:24:11 PM</td>
<td>
<a href="#" class="linked" test-id='1' id='103'>Search for different products and verify that the products are displayed.</a>
<div class="">
<span class="badge badge-default">Manyavar_Web Automation_SRS_TestCases_202304111620051.Search for different products and verify that the products are displayed.</span>
</div>
</td>
</tr>
</tbody>
</table>
</div>
</li>
<li class="test-item">
<div class="test-detail">
<span class="meta">
<span class='badge log badge-danger'>2</span>
</span>
<p class="name">@test002</p>
<p class="duration text-sm">2 tests</p>
</div>
<div class="test-contents d-none">
<div class="info">
<h4>@test002</h4>
<span status="fail" class='badge log badge-danger'>2 failed</span>
</div>
<table class='table table-sm mt-4'>
<thead>
<tr>
<th class="status-col">Status</th>
<th class="timestamp-col">Timestamp</th>
<th>TestName</th>
</tr>
</thead>
<tbody>
<tr class="tag-test-status" status="fail">
<td><span class="badge log fail-bg">Fail</span></td>
<td>16:24:17 PM</td>
<td>
<a href="#" class="linked" test-id='1' id='128'>Search for product, verify that the price in listing page and description page are same</a>
<div class="">
<span class="badge badge-default">Manyavar_Web Automation_SRS_TestCases_202304111620051.Search for product, verify that the price in listing page and description page are same</span>
</div>
</td>
</tr>
<tr class="tag-test-status" status="fail">
<td><span class="badge log fail-bg">Fail</span></td>
<td>16:24:17 PM</td>
<td>
<a href="#" class="linked" test-id='1' id='129'>Search for product, verify that the price in listing page and description page are same</a>
<div class="">
<span class="badge badge-default">Manyavar_Web Automation_SRS_TestCases_202304111620051.Search for product, verify that the price in listing page and description page are same</span>
</div>
</td>
</tr>
</tbody>
</table>
</div>
</li>
<li class="test-item">
<div class="test-detail">
<span class="meta">
<span class='badge log badge-danger'>2</span>
</span>
<p class="name">@Test2</p>
<p class="duration text-sm">2 tests</p>
</div>
<div class="test-contents d-none">
<div class="info">
<h4>@Test2</h4>
<span status="fail" class='badge log badge-danger'>2 failed</span>
</div>
<table class='table table-sm mt-4'>
<thead>
<tr>
<th class="status-col">Status</th>
<th class="timestamp-col">Timestamp</th>
<th>TestName</th>
</tr>
</thead>
<tbody>
<tr class="tag-test-status" status="fail">
<td><span class="badge log fail-bg">Fail</span></td>
<td>16:24:17 PM</td>
<td>
<a href="#" class="linked" test-id='1' id='128'>Search for product, verify that the price in listing page and description page are same</a>
<div class="">
<span class="badge badge-default">Manyavar_Web Automation_SRS_TestCases_202304111620051.Search for product, verify that the price in listing page and description page are same</span>
</div>
</td>
</tr>
<tr class="tag-test-status" status="fail">
<td><span class="badge log fail-bg">Fail</span></td>
<td>16:24:17 PM</td>
<td>
<a href="#" class="linked" test-id='1' id='129'>Search for product, verify that the price in listing page and description page are same</a>
<div class="">
<span class="badge badge-default">Manyavar_Web Automation_SRS_TestCases_202304111620051.Search for product, verify that the price in listing page and description page are same</span>
</div>
</td>
</tr>
</tbody>
</table>
</div>
</li>
<li class="test-item">
<div class="test-detail">
<span class="meta">
<span class='badge log badge-danger'>10</span>
</span>
<p class="name">@set21</p>
<p class="duration text-sm">10 tests</p>
</div>
<div class="test-contents d-none">
<div class="info">
<h4>@set21</h4>
<span status="fail" class='badge log badge-danger'>10 failed</span>
</div>
<table class='table table-sm mt-4'>
<thead>
<tr>
<th class="status-col">Status</th>
<th class="timestamp-col">Timestamp</th>
<th>TestName</th>
</tr>
</thead>
<tbody>
<tr class="tag-test-status" status="fail">
<td><span class="badge log fail-bg">Fail</span></td>
<td>16:23:40 PM</td>
<td>
<a href="#" class="linked" test-id='1' id='2'>Search for different products and verify that the products are displayed.</a>
<div class="">
<span class="badge badge-default">Manyavar_Web Automation_SRS_TestCases_202304111620051.Search for different products and verify that the products are displayed.</span>
</div>
</td>
</tr>
<tr class="tag-test-status" status="fail">
<td><span class="badge log fail-bg">Fail</span></td>
<td>16:23:40 PM</td>
<td>
<a href="#" class="linked" test-id='1' id='3'>Search for different products and verify that the products are displayed.</a>
<div class="">
<span class="badge badge-default">Manyavar_Web Automation_SRS_TestCases_202304111620051.Search for different products and verify that the products are displayed.</span>
</div>
</td>
</tr>
<tr class="tag-test-status" status="fail">
<td><span class="badge log fail-bg">Fail</span></td>
<td>16:23:52 PM</td>
<td>
<a href="#" class="linked" test-id='1' id='28'>Search for different products and verify that the products are displayed.</a>
<div class="">
<span class="badge badge-default">Manyavar_Web Automation_SRS_TestCases_202304111620051.Search for different products and verify that the products are displayed.</span>
</div>
</td>
</tr>
<tr class="tag-test-status" status="fail">
<td><span class="badge log fail-bg">Fail</span></td>
<td>16:23:57 PM</td>
<td>
<a href="#" class="linked" test-id='1' id='53'>Search for different products and verify that the products are displayed.</a>
<div class="">
<span class="badge badge-default">Manyavar_Web Automation_SRS_TestCases_202304111620051.Search for different products and verify that the products are displayed.</span>
</div>
</td>
</tr>
<tr class="tag-test-status" status="fail">
<td><span class="badge log fail-bg">Fail</span></td>
<td>16:24:04 PM</td>
<td>
<a href="#" class="linked" test-id='1' id='78'>Search for different products and verify that the products are displayed.</a>
<div class="">
<span class="badge badge-default">Manyavar_Web Automation_SRS_TestCases_202304111620051.Search for different products and verify that the products are displayed.</span>
</div>
</td>
</tr>
<tr class="tag-test-status" status="fail">
<td><span class="badge log fail-bg">Fail</span></td>
<td>16:24:11 PM</td>
<td>
<a href="#" class="linked" test-id='1' id='103'>Search for different products and verify that the products are displayed.</a>
<div class="">
<span class="badge badge-default">Manyavar_Web Automation_SRS_TestCases_202304111620051.Search for different products and verify that the products are displayed.</span>
</div>
</td>
</tr>
<tr class="tag-test-status" status="fail">
<td><span class="badge log fail-bg">Fail</span></td>
<td>16:24:17 PM</td>
<td>
<a href="#" class="linked" test-id='1' id='128'>Search for product, verify that the price in listing page and description page are same</a>
<div class="">
<span class="badge badge-default">Manyavar_Web Automation_SRS_TestCases_202304111620051.Search for product, verify that the price in listing page and description page are same</span>
</div>
</td>
</tr>
<tr class="tag-test-status" status="fail">
<td><span class="badge log fail-bg">Fail</span></td>
<td>16:24:17 PM</td>
<td>
<a href="#" class="linked" test-id='1' id='129'>Search for product, verify that the price in listing page and description page are same</a>
<div class="">
<span class="badge badge-default">Manyavar_Web Automation_SRS_TestCases_202304111620051.Search for product, verify that the price in listing page and description page are same</span>
</div>
</td>
</tr>
<tr class="tag-test-status" status="fail">
<td><span class="badge log fail-bg">Fail</span></td>
<td>16:24:24 PM</td>
<td>
<a href="#" class="linked" test-id='1' id='163'>In listing page, test for sort options. Further verify if the products are sorted low to high or high to low</a>
<div class="">
<span class="badge badge-default">Manyavar_Web Automation_SRS_TestCases_202304111620051.In listing page, test for sort options. Further verify if the products are sorted low to high or high to low</span>
</div>
</td>
</tr>
<tr class="tag-test-status" status="fail">
<td><span class="badge log fail-bg">Fail</span></td>
<td>16:24:24 PM</td>
<td>
<a href="#" class="linked" test-id='1' id='164'>In listing page, test for sort options. Further verify if the products are sorted low to high or high to low</a>
<div class="">
<span class="badge badge-default">Manyavar_Web Automation_SRS_TestCases_202304111620051.In listing page, test for sort options. Further verify if the products are sorted low to high or high to low</span>
</div>
</td>
</tr>
</tbody>
</table>
</div>
</li>
<li class="test-item">
<div class="test-detail">
<span class="meta">
<span class='badge log badge-danger'>6</span>
</span>
<p class="name">@Home_page</p>
<p class="duration text-sm">6 tests</p>
</div>
<div class="test-contents d-none">
<div class="info">
<h4>@Home_page</h4>
<span status="fail" class='badge log badge-danger'>6 failed</span>
</div>
<table class='table table-sm mt-4'>
<thead>
<tr>
<th class="status-col">Status</th>
<th class="timestamp-col">Timestamp</th>
<th>TestName</th>
</tr>
</thead>
<tbody>
<tr class="tag-test-status" status="fail">
<td><span class="badge log fail-bg">Fail</span></td>
<td>16:23:40 PM</td>
<td>
<a href="#" class="linked" test-id='1' id='2'>Search for different products and verify that the products are displayed.</a>
<div class="">
<span class="badge badge-default">Manyavar_Web Automation_SRS_TestCases_202304111620051.Search for different products and verify that the products are displayed.</span>
</div>
</td>
</tr>
<tr class="tag-test-status" status="fail">
<td><span class="badge log fail-bg">Fail</span></td>
<td>16:23:40 PM</td>
<td>
<a href="#" class="linked" test-id='1' id='3'>Search for different products and verify that the products are displayed.</a>
<div class="">
<span class="badge badge-default">Manyavar_Web Automation_SRS_TestCases_202304111620051.Search for different products and verify that the products are displayed.</span>
</div>
</td>
</tr>
<tr class="tag-test-status" status="fail">
<td><span class="badge log fail-bg">Fail</span></td>
<td>16:23:52 PM</td>
<td>
<a href="#" class="linked" test-id='1' id='28'>Search for different products and verify that the products are displayed.</a>
<div class="">
<span class="badge badge-default">Manyavar_Web Automation_SRS_TestCases_202304111620051.Search for different products and verify that the products are displayed.</span>
</div>
</td>
</tr>
<tr class="tag-test-status" status="fail">
<td><span class="badge log fail-bg">Fail</span></td>
<td>16:23:57 PM</td>
<td>
<a href="#" class="linked" test-id='1' id='53'>Search for different products and verify that the products are displayed.</a>
<div class="">
<span class="badge badge-default">Manyavar_Web Automation_SRS_TestCases_202304111620051.Search for different products and verify that the products are displayed.</span>
</div>
</td>
</tr>
<tr class="tag-test-status" status="fail">
<td><span class="badge log fail-bg">Fail</span></td>
<td>16:24:04 PM</td>
<td>
<a href="#" class="linked" test-id='1' id='78'>Search for different products and verify that the products are displayed.</a>
<div class="">
<span class="badge badge-default">Manyavar_Web Automation_SRS_TestCases_202304111620051.Search for different products and verify that the products are displayed.</span>
</div>
</td>
</tr>
<tr class="tag-test-status" status="fail">
<td><span class="badge log fail-bg">Fail</span></td>
<td>16:24:11 PM</td>
<td>
<a href="#" class="linked" test-id='1' id='103'>Search for different products and verify that the products are displayed.</a>
<div class="">
<span class="badge badge-default">Manyavar_Web Automation_SRS_TestCases_202304111620051.Search for different products and verify that the products are displayed.</span>
</div>
</td>
</tr>
</tbody>
</table>
</div>
</li>
<li class="test-item">
<div class="test-detail">
<span class="meta">
<span class='badge log badge-danger'>6</span>
</span>
<p class="name">@Test</p>
<p class="duration text-sm">6 tests</p>
</div>
<div class="test-contents d-none">
<div class="info">
<h4>@Test</h4>
<span status="fail" class='badge log badge-danger'>6 failed</span>
</div>
<table class='table table-sm mt-4'>
<thead>
<tr>
<th class="status-col">Status</th>
<th class="timestamp-col">Timestamp</th>
<th>TestName</th>
</tr>
</thead>
<tbody>
<tr class="tag-test-status" status="fail">
<td><span class="badge log fail-bg">Fail</span></td>
<td>16:23:40 PM</td>
<td>
<a href="#" class="linked" test-id='1' id='2'>Search for different products and verify that the products are displayed.</a>
<div class="">
<span class="badge badge-default">Manyavar_Web Automation_SRS_TestCases_202304111620051.Search for different products and verify that the products are displayed.</span>
</div>
</td>
</tr>
<tr class="tag-test-status" status="fail">
<td><span class="badge log fail-bg">Fail</span></td>
<td>16:23:40 PM</td>
<td>
<a href="#" class="linked" test-id='1' id='3'>Search for different products and verify that the products are displayed.</a>
<div class="">
<span class="badge badge-default">Manyavar_Web Automation_SRS_TestCases_202304111620051.Search for different products and verify that the products are displayed.</span>
</div>
</td>
</tr>
<tr class="tag-test-status" status="fail">
<td><span class="badge log fail-bg">Fail</span></td>
<td>16:23:52 PM</td>
<td>
<a href="#" class="linked" test-id='1' id='28'>Search for different products and verify that the products are displayed.</a>
<div class="">
<span class="badge badge-default">Manyavar_Web Automation_SRS_TestCases_202304111620051.Search for different products and verify that the products are displayed.</span>
</div>
</td>
</tr>
<tr class="tag-test-status" status="fail">
<td><span class="badge log fail-bg">Fail</span></td>
<td>16:23:57 PM</td>
<td>
<a href="#" class="linked" test-id='1' id='53'>Search for different products and verify that the products are displayed.</a>
<div class="">
<span class="badge badge-default">Manyavar_Web Automation_SRS_TestCases_202304111620051.Search for different products and verify that the products are displayed.</span>
</div>
</td>
</tr>
<tr class="tag-test-status" status="fail">
<td><span class="badge log fail-bg">Fail</span></td>
<td>16:24:04 PM</td>
<td>
<a href="#" class="linked" test-id='1' id='78'>Search for different products and verify that the products are displayed.</a>
<div class="">
<span class="badge badge-default">Manyavar_Web Automation_SRS_TestCases_202304111620051.Search for different products and verify that the products are displayed.</span>
</div>
</td>
</tr>
<tr class="tag-test-status" status="fail">
<td><span class="badge log fail-bg">Fail</span></td>
<td>16:24:11 PM</td>
<td>
<a href="#" class="linked" test-id='1' id='103'>Search for different products and verify that the products are displayed.</a>
<div class="">
<span class="badge badge-default">Manyavar_Web Automation_SRS_TestCases_202304111620051.Search for different products and verify that the products are displayed.</span>
</div>
</td>
</tr>
</tbody>
</table>
</div>
</li>
<li class="test-item">
<div class="test-detail">
<span class="meta">
<span class='badge log badge-danger'>2</span>
</span>
<p class="name">@uid1291529172</p>
<p class="duration text-sm">2 tests</p>
</div>
<div class="test-contents d-none">
<div class="info">
<h4>@uid1291529172</h4>
<span status="fail" class='badge log badge-danger'>2 failed</span>
</div>
<table class='table table-sm mt-4'>
<thead>
<tr>
<th class="status-col">Status</th>
<th class="timestamp-col">Timestamp</th>
<th>TestName</th>
</tr>
</thead>
<tbody>
<tr class="tag-test-status" status="fail">
<td><span class="badge log fail-bg">Fail</span></td>
<td>16:24:17 PM</td>
<td>
<a href="#" class="linked" test-id='1' id='128'>Search for product, verify that the price in listing page and description page are same</a>
<div class="">
<span class="badge badge-default">Manyavar_Web Automation_SRS_TestCases_202304111620051.Search for product, verify that the price in listing page and description page are same</span>
</div>
</td>
</tr>
<tr class="tag-test-status" status="fail">
<td><span class="badge log fail-bg">Fail</span></td>
<td>16:24:17 PM</td>
<td>
<a href="#" class="linked" test-id='1' id='129'>Search for product, verify that the price in listing page and description page are same</a>
<div class="">
<span class="badge badge-default">Manyavar_Web Automation_SRS_TestCases_202304111620051.Search for product, verify that the price in listing page and description page are same</span>
</div>
</td>
</tr>
</tbody>
</table>
</div>
</li>
<li class="test-item">
<div class="test-detail">
<span class="meta">
<span class='badge log badge-danger'>6</span>
</span>
<p class="name">@test001</p>
<p class="duration text-sm">6 tests</p>
</div>
<div class="test-contents d-none">
<div class="info">
<h4>@test001</h4>
<span status="fail" class='badge log badge-danger'>6 failed</span>
</div>
<table class='table table-sm mt-4'>
<thead>
<tr>
<th class="status-col">Status</th>
<th class="timestamp-col">Timestamp</th>
<th>TestName</th>
</tr>
</thead>
<tbody>
<tr class="tag-test-status" status="fail">
<td><span class="badge log fail-bg">Fail</span></td>
<td>16:23:40 PM</td>
<td>
<a href="#" class="linked" test-id='1' id='2'>Search for different products and verify that the products are displayed.</a>
<div class="">
<span class="badge badge-default">Manyavar_Web Automation_SRS_TestCases_202304111620051.Search for different products and verify that the products are displayed.</span>
</div>
</td>
</tr>
<tr class="tag-test-status" status="fail">
<td><span class="badge log fail-bg">Fail</span></td>
<td>16:23:40 PM</td>
<td>
<a href="#" class="linked" test-id='1' id='3'>Search for different products and verify that the products are displayed.</a>
<div class="">
<span class="badge badge-default">Manyavar_Web Automation_SRS_TestCases_202304111620051.Search for different products and verify that the products are displayed.</span>
</div>
</td>
</tr>
<tr class="tag-test-status" status="fail">
<td><span class="badge log fail-bg">Fail</span></td>
<td>16:23:52 PM</td>
<td>
<a href="#" class="linked" test-id='1' id='28'>Search for different products and verify that the products are displayed.</a>
<div class="">
<span class="badge badge-default">Manyavar_Web Automation_SRS_TestCases_202304111620051.Search for different products and verify that the products are displayed.</span>
</div>
</td>
</tr>
<tr class="tag-test-status" status="fail">
<td><span class="badge log fail-bg">Fail</span></td>
<td>16:23:57 PM</td>
<td>
<a href="#" class="linked" test-id='1' id='53'>Search for different products and verify that the products are displayed.</a>
<div class="">
<span class="badge badge-default">Manyavar_Web Automation_SRS_TestCases_202304111620051.Search for different products and verify that the products are displayed.</span>
</div>
</td>
</tr>
<tr class="tag-test-status" status="fail">
<td><span class="badge log fail-bg">Fail</span></td>
<td>16:24:04 PM</td>
<td>
<a href="#" class="linked" test-id='1' id='78'>Search for different products and verify that the products are displayed.</a>
<div class="">
<span class="badge badge-default">Manyavar_Web Automation_SRS_TestCases_202304111620051.Search for different products and verify that the products are displayed.</span>
</div>
</td>
</tr>
<tr class="tag-test-status" status="fail">
<td><span class="badge log fail-bg">Fail</span></td>
<td>16:24:11 PM</td>
<td>
<a href="#" class="linked" test-id='1' id='103'>Search for different products and verify that the products are displayed.</a>
<div class="">
<span class="badge badge-default">Manyavar_Web Automation_SRS_TestCases_202304111620051.Search for different products and verify that the products are displayed.</span>
</div>
</td>
</tr>
</tbody>
</table>
</div>
</li>
<li class="test-item">
<div class="test-detail">
<span class="meta">
<span class='badge log badge-danger'>2</span>
</span>
<p class="name">@Test3</p>
<p class="duration text-sm">2 tests</p>
</div>
<div class="test-contents d-none">
<div class="info">
<h4>@Test3</h4>
<span status="fail" class='badge log badge-danger'>2 failed</span>
</div>
<table class='table table-sm mt-4'>
<thead>
<tr>
<th class="status-col">Status</th>
<th class="timestamp-col">Timestamp</th>
<th>TestName</th>
</tr>
</thead>
<tbody>
<tr class="tag-test-status" status="fail">
<td><span class="badge log fail-bg">Fail</span></td>
<td>16:24:24 PM</td>
<td>
<a href="#" class="linked" test-id='1' id='163'>In listing page, test for sort options. Further verify if the products are sorted low to high or high to low</a>
<div class="">
<span class="badge badge-default">Manyavar_Web Automation_SRS_TestCases_202304111620051.In listing page, test for sort options. Further verify if the products are sorted low to high or high to low</span>
</div>
</td>
</tr>
<tr class="tag-test-status" status="fail">
<td><span class="badge log fail-bg">Fail</span></td>
<td>16:24:24 PM</td>
<td>
<a href="#" class="linked" test-id='1' id='164'>In listing page, test for sort options. Further verify if the products are sorted low to high or high to low</a>
<div class="">
<span class="badge badge-default">Manyavar_Web Automation_SRS_TestCases_202304111620051.In listing page, test for sort options. Further verify if the products are sorted low to high or high to low</span>
</div>
</td>
</tr>
</tbody>
</table>
</div>
</li>
</ul>
</div>
</div>
<div class="test-content scrollable">
<div class="test-content-detail">
<div class="detail-body"></div>
</div>
</div>
</div><div class="container-fluid p-4 view dashboard-view">
<div class="row">
<div class="col-md-3">
<div class="card"><div class="card-body">
<p class="m-b-0">Started</p>
<h3>Apr 11, 2023 04:23:38 PM</h3>
</div></div>
</div>
<div class="col-md-3">
<div class="card"><div class="card-body">
<p class="m-b-0">Ended</p>
<h3>Apr 11, 2023 04:24:30 PM</h3>
</div></div>
</div>
<div class="col-md-3">
<div class="card"><div class="card-body">
<p class="m-b-0 text-pass">Features Passed</p>
<h3>0</h3>
</div></div>
</div>
<div class="col-md-3">
<div class="card"><div class="card-body">
<p class="m-b-0 text-fail">Features Failed</p>
<h3>1</h3>
</div></div>
</div>
</div>
<div class="row">
<div class="col-md-4">
<div class="card">
<div class="card-header">
<h6 class="card-title">Features</h6>
</div>
<div class="card-body">
<div class="">
<canvas id='parent-analysis' width='115' height='90'></canvas>
</div>
</div>
<div class="card-footer">
<div><small data-tooltip='0%'>
<b>0</b> features passed
</small>
</div>
<div>
<small data-tooltip='100%'><b>1</b> features failed,
<b>0</b> skipped, <b data-tooltip='0%'>0</b> others
</small>
</div>
</div>
</div>
</div>
<div class="col-md-4">
<div class="card">
<div class="card-header">
<h6 class="card-title">Scenarios</h6>
</div>
<div class="card-body">
<div class="">
<canvas id='child-analysis' width='115' height='90'></canvas>
</div>
</div>
<div class="card-footer">
<div><small data-tooltip='0%'><b>0</b> scenarios passed</small></div>
<div>
<small data-tooltip='100%'><b>7</b> scenarios failed,
<b>0</b> skipped, <b data-tooltip='%'>0</b> others
</small>
</div>
</div>
</div>
</div>
<div class="col-md-4">
<div class="card">
<div class="card-header">
<h6 class="card-title">Steps</h6>
</div>
<div class="card-body">
<div class="">
<canvas id='grandchild-analysis' width='115' height='90'></canvas>
</div>
</div>
<div class="card-footer">
<div><small data-tooltip='9%'><b>7</b> steps passed</small></div>
<div>
<small data-tooltip='19%'><b>14</b> steps failed,
<b>51</b> skipped, <b data-tooltip='%'>0</b> others
</small>
</div>
</div>
</div>
</div>
</div>
<div class="row"><div class="col-md-12">
<div class="card"><div class="card-header"><p>Timeline</p></div>
<div class="card-body pt-0"><div>
<canvas id="timeline" height="120"></canvas>
</div></div>
</div>
</div></div>
<script>
var timeline = {
"Manyavar_Web Automation_SRS_TestCases_202304111620051":49.935
};
</script>
<div class="row">
<div class="col-lg-6 col-md-12 category-container">
<div class="card">
<div class="card-header"><p>Tags</p></div>
<div class="card-body pb-0 pt-0"><table class="table table-sm table-bordered">
<thead><tr class="bg-gray"><th>Name</th><th>Passed</th><th>Failed</th><th>Skipped</th><th>Others</th><th>Passed %</th></tr></thead><tbody>
<tr>
<td>@test003</td>
<td>0</td>
<td>2</td>
<td>0</td>
<td>0</td>
<td>0%</td>
</tr>
<tr>
<td>@uid368893081</td>
<td>0</td>
<td>2</td>
<td>0</td>
<td>0</td>
<td>0%</td>
</tr>
<tr>
<td>@uida323845565</td>
<td>0</td>
<td>6</td>
<td>0</td>
<td>0</td>
<td>0%</td>
</tr>
<tr>
<td>@test002</td>
<td>0</td>
<td>2</td>
<td>0</td>
<td>0</td>
<td>0%</td>
</tr>
<tr>
<td>@Test2</td>
<td>0</td>
<td>2</td>
<td>0</td>
<td>0</td>
<td>0%</td>
</tr>
<tr>
<td>@set21</td>
<td>0</td>
<td>10</td>
<td>0</td>
<td>0</td>
<td>0%</td>
</tr>
<tr>
<td>@Home_page</td>
<td>0</td>
<td>6</td>
<td>0</td>
<td>0</td>
<td>0%</td>
</tr>
<tr>
<td>@Test</td>
<td>0</td>
<td>6</td>
<td>0</td>
<td>0</td>
<td>0%</td>
</tr>
<tr>
<td>@uid1291529172</td>
<td>0</td>
<td>2</td>
<td>0</td>
<td>0</td>
<td>0%</td>
</tr>
<tr>
<td>@test001</td>
<td>0</td>
<td>6</td>
<td>0</td>
<td>0</td>
<td>0%</td>
</tr>
<tr>
<td>@Test3</td>
<td>0</td>
<td>2</td>
<td>0</td>
<td>0</td>
<td>0%</td>
</tr>
</tbody>
</table></div>
</div>
</div>
</div>
</div>
<script>
var statusGroup = {
parentCount: 5,
passParent: 0,
failParent: 1,
warningParent: 0,
skipParent: 0,
childCount: 5,
passChild: 0,
failChild: 7,
warningChild: 0,
skipChild: 0,
infoChild: 0,
grandChildCount: 5,
passGrandChild: 7,
failGrandChild: 14,
warningGrandChild: 0,
skipGrandChild: 51,
infoGrandChild: 0,
eventsCount: 5,
};
</script>        </div>
      </div>
    </div>
  </div>
<script src="https://cdn.jsdelivr.net/gh/extent-framework/extent-github-cdn@d6562a79075e061305ccfdb82f01e5e195e2d307/spark/js/spark-script.js"></script>
<script type="text/javascript"></script></body>
</html>